<?xml version="1.0" encoding="UTF-8"?>
<robot generator="Robot 7.2.2 (Python 3.13.2 on win32)" generated="2026-01-05T10:51:19.063808" rpa="false" schemaversion="5">
<suite id="s1" name="Tests" source="C:\Users\Aniket\Desktop\RobotStart\tests">
<suite id="s1-s1" name="InvalidLogIn" source="C:\Users\Aniket\Desktop\RobotStart\tests\InvalidLogIn.robot">
<test id="s1-s1-t1" name="TC05 - Invalid Login Validation" line="13">
<kw name="Run On All Browsers" owner="browser_keywords">
<for flavor="IN">
<iter>
<kw name="Log To Console" owner="BuiltIn">
<arg>\n\n===== Running ${test_flow} on ${browser} =====</arg>
<doc>Logs the given message to the console.</doc>
<status status="PASS" start="2026-01-05T10:51:20.890813" elapsed="0.000626"/>
</kw>
<kw name="Open Browser" owner="SeleniumLibrary">
<msg time="2026-01-05T10:51:20.891864" level="INFO">Opening browser 'chrome' to base url 'https://opensource-demo.orangehrmlive.com'.</msg>
<arg>${URL}</arg>
<arg>${browser}</arg>
<doc>Opens a new browser instance to the optional ``url``.</doc>
<status status="PASS" start="2026-01-05T10:51:20.891653" elapsed="10.508540"/>
</kw>
<kw name="Maximize Browser Window" owner="SeleniumLibrary">
<doc>Maximizes current browser window.</doc>
<status status="PASS" start="2026-01-05T10:51:31.400415" elapsed="0.035996"/>
</kw>
<try>
<branch type="TRY">
<kw name="Run Keyword" owner="BuiltIn">
<kw name="Invalid Login Flow">
<kw name="Login To OrangeHRM" owner="LoginPage">
<kw name="Wait Until Element Is Visible" owner="SeleniumLibrary">
<arg>${username_field}</arg>
<arg>10s</arg>
<doc>Waits until the element ``locator`` is visible.</doc>
<status status="PASS" start="2026-01-05T10:51:31.438566" elapsed="0.939416"/>
</kw>
<kw name="Input Text" owner="SeleniumLibrary">
<msg time="2026-01-05T10:51:32.378471" level="INFO">Typing text 'InvalidUser' into text field 'name=username'.</msg>
<arg>${username_field}</arg>
<arg>${username}</arg>
<doc>Types the given ``text`` into the text field identified by ``locator``.</doc>
<status status="PASS" start="2026-01-05T10:51:32.378200" elapsed="0.089866"/>
</kw>
<kw name="Input Text" owner="SeleniumLibrary">
<msg time="2026-01-05T10:51:32.468626" level="INFO">Typing text 'InvalidPass' into text field 'name=password'.</msg>
<arg>${password_field}</arg>
<arg>${password}</arg>
<doc>Types the given ``text`` into the text field identified by ``locator``.</doc>
<status status="PASS" start="2026-01-05T10:51:32.468333" elapsed="0.115133"/>
</kw>
<kw name="Click Button" owner="SeleniumLibrary">
<msg time="2026-01-05T10:51:32.584044" level="INFO">Clicking button 'xpath=//button[@type='submit']'.</msg>
<arg>${login_button}</arg>
<doc>Clicks the button identified by ``locator``.</doc>
<status status="PASS" start="2026-01-05T10:51:32.583778" elapsed="0.079536"/>
</kw>
<arg>InvalidUser</arg>
<arg>InvalidPass</arg>
<status status="PASS" start="2026-01-05T10:51:31.438333" elapsed="1.225126"/>
</kw>
<kw name="Verify Invalid Login Message" owner="LoginPage">
<kw name="Wait Until Element Is Visible" owner="SeleniumLibrary">
<arg>${error_message}</arg>
<arg>5s</arg>
<doc>Waits until the element ``locator`` is visible.</doc>
<status status="PASS" start="2026-01-05T10:51:32.663861" elapsed="2.682154"/>
</kw>
<status status="PASS" start="2026-01-05T10:51:32.663635" elapsed="2.682485"/>
</kw>
<status status="PASS" start="2026-01-05T10:51:31.438038" elapsed="3.908133"/>
</kw>
<arg>${test_flow}</arg>
<doc>Executes the given keyword with the given arguments.</doc>
<status status="PASS" start="2026-01-05T10:51:31.437472" elapsed="3.908758"/>
</kw>
<status status="PASS" start="2026-01-05T10:51:31.436976" elapsed="3.909309"/>
</branch>
<branch type="EXCEPT">
<kw name="Log To Console" owner="BuiltIn">
<arg>❌ Test Failed on ${browser} - Capturing Screenshot</arg>
<doc>Logs the given message to the console.</doc>
<status status="NOT RUN" start="2026-01-05T10:51:35.346623" elapsed="0.000038"/>
</kw>
<kw name="Capture Page Screenshot" owner="SeleniumLibrary">
<arg>${test_flow}_${browser}.png</arg>
<doc>Takes a screenshot of the current page and embeds it into a log file.</doc>
<status status="NOT RUN" start="2026-01-05T10:51:35.346792" elapsed="0.000025"/>
</kw>
<kw name="Fail" owner="BuiltIn">
<arg>Test failed on ${browser}</arg>
<doc>Fails the test with the given message and optionally alters its tags.</doc>
<status status="NOT RUN" start="2026-01-05T10:51:35.346894" elapsed="0.000019"/>
</kw>
<status status="NOT RUN" start="2026-01-05T10:51:35.346420" elapsed="0.000522"/>
</branch>
<branch type="FINALLY">
<kw name="Close Browser" owner="SeleniumLibrary">
<doc>Closes the current browser.</doc>
<status status="PASS" start="2026-01-05T10:51:35.347072" elapsed="2.934387"/>
</kw>
<status status="PASS" start="2026-01-05T10:51:35.346997" elapsed="2.934607"/>
</branch>
<status status="PASS" start="2026-01-05T10:51:31.436784" elapsed="6.844905"/>
</try>
<var name="${browser}">chrome</var>
<status status="PASS" start="2026-01-05T10:51:20.889733" elapsed="17.392002"/>
</iter>
<iter>
<kw name="Log To Console" owner="BuiltIn">
<arg>\n\n===== Running ${test_flow} on ${browser} =====</arg>
<doc>Logs the given message to the console.</doc>
<status status="PASS" start="2026-01-05T10:51:38.282149" elapsed="0.000563"/>
</kw>
<kw name="Open Browser" owner="SeleniumLibrary">
<msg time="2026-01-05T10:51:38.283271" level="INFO">Opening browser 'firefox' to base url 'https://opensource-demo.orangehrmlive.com'.</msg>
<arg>${URL}</arg>
<arg>${browser}</arg>
<doc>Opens a new browser instance to the optional ``url``.</doc>
<status status="PASS" start="2026-01-05T10:51:38.282968" elapsed="13.920481"/>
</kw>
<kw name="Maximize Browser Window" owner="SeleniumLibrary">
<doc>Maximizes current browser window.</doc>
<status status="PASS" start="2026-01-05T10:51:52.203762" elapsed="0.003546"/>
</kw>
<try>
<branch type="TRY">
<kw name="Run Keyword" owner="BuiltIn">
<kw name="Invalid Login Flow">
<kw name="Login To OrangeHRM" owner="LoginPage">
<kw name="Wait Until Element Is Visible" owner="SeleniumLibrary">
<arg>${username_field}</arg>
<arg>10s</arg>
<doc>Waits until the element ``locator`` is visible.</doc>
<status status="PASS" start="2026-01-05T10:51:52.209119" elapsed="1.113957"/>
</kw>
<kw name="Input Text" owner="SeleniumLibrary">
<msg time="2026-01-05T10:51:53.323919" level="INFO">Typing text 'InvalidUser' into text field 'name=username'.</msg>
<arg>${username_field}</arg>
<arg>${username}</arg>
<doc>Types the given ``text`` into the text field identified by ``locator``.</doc>
<status status="PASS" start="2026-01-05T10:51:53.323503" elapsed="0.074946"/>
</kw>
<kw name="Input Text" owner="SeleniumLibrary">
<msg time="2026-01-05T10:51:53.399017" level="INFO">Typing text 'InvalidPass' into text field 'name=password'.</msg>
<arg>${password_field}</arg>
<arg>${password}</arg>
<doc>Types the given ``text`` into the text field identified by ``locator``.</doc>
<status status="PASS" start="2026-01-05T10:51:53.398703" elapsed="0.071580"/>
</kw>
<kw name="Click Button" owner="SeleniumLibrary">
<msg time="2026-01-05T10:51:53.470824" level="INFO">Clicking button 'xpath=//button[@type='submit']'.</msg>
<arg>${login_button}</arg>
<doc>Clicks the button identified by ``locator``.</doc>
<status status="PASS" start="2026-01-05T10:51:53.470580" elapsed="2.528099"/>
</kw>
<arg>InvalidUser</arg>
<arg>InvalidPass</arg>
<status status="PASS" start="2026-01-05T10:51:52.208789" elapsed="3.790055"/>
</kw>
<kw name="Verify Invalid Login Message" owner="LoginPage">
<kw name="Wait Until Element Is Visible" owner="SeleniumLibrary">
<arg>${error_message}</arg>
<arg>5s</arg>
<doc>Waits until the element ``locator`` is visible.</doc>
<status status="PASS" start="2026-01-05T10:51:55.999448" elapsed="0.825553"/>
</kw>
<status status="PASS" start="2026-01-05T10:51:55.999099" elapsed="0.826078"/>
</kw>
<status status="PASS" start="2026-01-05T10:51:52.208368" elapsed="4.616864"/>
</kw>
<arg>${test_flow}</arg>
<doc>Executes the given keyword with the given arguments.</doc>
<status status="PASS" start="2026-01-05T10:51:52.207788" elapsed="4.617506"/>
</kw>
<status status="PASS" start="2026-01-05T10:51:52.207563" elapsed="4.618003"/>
</branch>
<branch type="EXCEPT">
<kw name="Log To Console" owner="BuiltIn">
<arg>❌ Test Failed on ${browser} - Capturing Screenshot</arg>
<doc>Logs the given message to the console.</doc>
<status status="NOT RUN" start="2026-01-05T10:51:56.825774" elapsed="0.000024"/>
</kw>
<kw name="Capture Page Screenshot" owner="SeleniumLibrary">
<arg>${test_flow}_${browser}.png</arg>
<doc>Takes a screenshot of the current page and embeds it into a log file.</doc>
<status status="NOT RUN" start="2026-01-05T10:51:56.825880" elapsed="0.000019"/>
</kw>
<kw name="Fail" owner="BuiltIn">
<arg>Test failed on ${browser}</arg>
<doc>Fails the test with the given message and optionally alters its tags.</doc>
<status status="NOT RUN" start="2026-01-05T10:51:56.825963" elapsed="0.000018"/>
</kw>
<status status="NOT RUN" start="2026-01-05T10:51:56.825647" elapsed="0.000360"/>
</branch>
<branch type="FINALLY">
<kw name="Close Browser" owner="SeleniumLibrary">
<doc>Closes the current browser.</doc>
<status status="PASS" start="2026-01-05T10:51:56.826110" elapsed="5.508205"/>
</kw>
<status status="PASS" start="2026-01-05T10:51:56.826049" elapsed="5.508391"/>
</branch>
<status status="PASS" start="2026-01-05T10:51:52.207479" elapsed="10.127024"/>
</try>
<var name="${browser}">firefox</var>
<status status="PASS" start="2026-01-05T10:51:38.282010" elapsed="24.052536"/>
</iter>
<iter>
<kw name="Log To Console" owner="BuiltIn">
<arg>\n\n===== Running ${test_flow} on ${browser} =====</arg>
<doc>Logs the given message to the console.</doc>
<status status="PASS" start="2026-01-05T10:52:02.334997" elapsed="0.000424"/>
</kw>
<kw name="Open Browser" owner="SeleniumLibrary">
<msg time="2026-01-05T10:52:02.335836" level="INFO">Opening browser 'edge' to base url 'https://opensource-demo.orangehrmlive.com'.</msg>
<msg time="2026-01-05T10:52:03.567854" level="WARN">There was an error managing msedgedriver (error sending request for url (https://msedgedriver.azureedge.net/LATEST_RELEASE_143_WINDOWS)); using driver found in the cache</msg>
<arg>${URL}</arg>
<arg>${browser}</arg>
<doc>Opens a new browser instance to the optional ``url``.</doc>
<status status="PASS" start="2026-01-05T10:52:02.335642" elapsed="9.942817"/>
</kw>
<kw name="Maximize Browser Window" owner="SeleniumLibrary">
<doc>Maximizes current browser window.</doc>
<status status="PASS" start="2026-01-05T10:52:12.278754" elapsed="0.035451"/>
</kw>
<try>
<branch type="TRY">
<kw name="Run Keyword" owner="BuiltIn">
<kw name="Invalid Login Flow">
<kw name="Login To OrangeHRM" owner="LoginPage">
<kw name="Wait Until Element Is Visible" owner="SeleniumLibrary">
<arg>${username_field}</arg>
<arg>10s</arg>
<doc>Waits until the element ``locator`` is visible.</doc>
<status status="PASS" start="2026-01-05T10:52:12.315810" elapsed="1.127923"/>
</kw>
<kw name="Input Text" owner="SeleniumLibrary">
<msg time="2026-01-05T10:52:13.444149" level="INFO">Typing text 'InvalidUser' into text field 'name=username'.</msg>
<arg>${username_field}</arg>
<arg>${username}</arg>
<doc>Types the given ``text`` into the text field identified by ``locator``.</doc>
<status status="PASS" start="2026-01-05T10:52:13.443910" elapsed="0.099679"/>
</kw>
<kw name="Input Text" owner="SeleniumLibrary">
<msg time="2026-01-05T10:52:13.544194" level="INFO">Typing text 'InvalidPass' into text field 'name=password'.</msg>
<arg>${password_field}</arg>
<arg>${password}</arg>
<doc>Types the given ``text`` into the text field identified by ``locator``.</doc>
<status status="PASS" start="2026-01-05T10:52:13.543866" elapsed="0.084355"/>
</kw>
<kw name="Click Button" owner="SeleniumLibrary">
<msg time="2026-01-05T10:52:13.628722" level="INFO">Clicking button 'xpath=//button[@type='submit']'.</msg>
<arg>${login_button}</arg>
<doc>Clicks the button identified by ``locator``.</doc>
<status status="PASS" start="2026-01-05T10:52:13.628483" elapsed="1.657954"/>
</kw>
<arg>InvalidUser</arg>
<arg>InvalidPass</arg>
<status status="PASS" start="2026-01-05T10:52:12.315103" elapsed="2.971491"/>
</kw>
<kw name="Verify Invalid Login Message" owner="LoginPage">
<kw name="Wait Until Element Is Visible" owner="SeleniumLibrary">
<arg>${error_message}</arg>
<arg>5s</arg>
<doc>Waits until the element ``locator`` is visible.</doc>
<status status="PASS" start="2026-01-05T10:52:15.287113" elapsed="0.653274"/>
</kw>
<status status="PASS" start="2026-01-05T10:52:15.286799" elapsed="0.653690"/>
</kw>
<status status="PASS" start="2026-01-05T10:52:12.314883" elapsed="3.625650"/>
</kw>
<arg>${test_flow}</arg>
<doc>Executes the given keyword with the given arguments.</doc>
<status status="PASS" start="2026-01-05T10:52:12.314530" elapsed="3.626039"/>
</kw>
<status status="PASS" start="2026-01-05T10:52:12.314380" elapsed="3.626221"/>
</branch>
<branch type="EXCEPT">
<kw name="Log To Console" owner="BuiltIn">
<arg>❌ Test Failed on ${browser} - Capturing Screenshot</arg>
<doc>Logs the given message to the console.</doc>
<status status="NOT RUN" start="2026-01-05T10:52:15.940779" elapsed="0.000025"/>
</kw>
<kw name="Capture Page Screenshot" owner="SeleniumLibrary">
<arg>${test_flow}_${browser}.png</arg>
<doc>Takes a screenshot of the current page and embeds it into a log file.</doc>
<status status="NOT RUN" start="2026-01-05T10:52:15.940891" elapsed="0.000021"/>
</kw>
<kw name="Fail" owner="BuiltIn">
<arg>Test failed on ${browser}</arg>
<doc>Fails the test with the given message and optionally alters its tags.</doc>
<status status="NOT RUN" start="2026-01-05T10:52:15.940986" elapsed="0.000019"/>
</kw>
<status status="NOT RUN" start="2026-01-05T10:52:15.940660" elapsed="0.000384"/>
</branch>
<branch type="FINALLY">
<kw name="Close Browser" owner="SeleniumLibrary">
<doc>Closes the current browser.</doc>
<status status="PASS" start="2026-01-05T10:52:15.941165" elapsed="2.998870"/>
</kw>
<status status="PASS" start="2026-01-05T10:52:15.941093" elapsed="2.999133"/>
</branch>
<status status="PASS" start="2026-01-05T10:52:12.314339" elapsed="6.625999"/>
</try>
<var name="${browser}">edge</var>
<status status="PASS" start="2026-01-05T10:52:02.334847" elapsed="16.605559"/>
</iter>
<var>${browser}</var>
<value>@{BROWSERS}</value>
<status status="PASS" start="2026-01-05T10:51:20.889463" elapsed="58.051077"/>
</for>
<arg>Invalid Login Flow</arg>
<status status="PASS" start="2026-01-05T10:51:20.887436" elapsed="58.053366"/>
</kw>
<status status="PASS" start="2026-01-05T10:51:20.886439" elapsed="58.055236"/>
</test>
<status status="PASS" start="2026-01-05T10:51:19.211720" elapsed="59.732235"/>
</suite>
<suite id="s1-s2" name="LogOut" source="C:\Users\Aniket\Desktop\RobotStart\tests\LogOut.robot">
<test id="s1-s2-t1" name="TC02 - Logout From Application" line="14">
<kw name="Run On All Browsers" owner="browser_keywords">
<for flavor="IN">
<iter>
<kw name="Log To Console" owner="BuiltIn">
<arg>\n\n===== Running ${test_flow} on ${browser} =====</arg>
<doc>Logs the given message to the console.</doc>
<status status="PASS" start="2026-01-05T10:52:18.954015" elapsed="0.000650"/>
</kw>
<kw name="Open Browser" owner="SeleniumLibrary">
<msg time="2026-01-05T10:52:18.955432" level="INFO">Opening browser 'chrome' to base url 'https://opensource-demo.orangehrmlive.com'.</msg>
<arg>${URL}</arg>
<arg>${browser}</arg>
<doc>Opens a new browser instance to the optional ``url``.</doc>
<status status="PASS" start="2026-01-05T10:52:18.954994" elapsed="8.125562"/>
</kw>
<kw name="Maximize Browser Window" owner="SeleniumLibrary">
<doc>Maximizes current browser window.</doc>
<status status="PASS" start="2026-01-05T10:52:27.080899" elapsed="0.034091"/>
</kw>
<try>
<branch type="TRY">
<kw name="Run Keyword" owner="BuiltIn">
<kw name="Logout Flow">
<kw name="Login To OrangeHRM" owner="LoginPage">
<kw name="Wait Until Element Is Visible" owner="SeleniumLibrary">
<arg>${username_field}</arg>
<arg>10s</arg>
<doc>Waits until the element ``locator`` is visible.</doc>
<status status="PASS" start="2026-01-05T10:52:27.116361" elapsed="0.863032"/>
</kw>
<kw name="Input Text" owner="SeleniumLibrary">
<msg time="2026-01-05T10:52:27.979986" level="INFO">Typing text 'Admin' into text field 'name=username'.</msg>
<arg>${username_field}</arg>
<arg>${username}</arg>
<doc>Types the given ``text`` into the text field identified by ``locator``.</doc>
<status status="PASS" start="2026-01-05T10:52:27.979757" elapsed="0.081680"/>
</kw>
<kw name="Input Text" owner="SeleniumLibrary">
<msg time="2026-01-05T10:52:28.061966" level="INFO">Typing text 'admin123' into text field 'name=password'.</msg>
<arg>${password_field}</arg>
<arg>${password}</arg>
<doc>Types the given ``text`` into the text field identified by ``locator``.</doc>
<status status="PASS" start="2026-01-05T10:52:28.061635" elapsed="0.069599"/>
</kw>
<kw name="Click Button" owner="SeleniumLibrary">
<msg time="2026-01-05T10:52:28.131653" level="INFO">Clicking button 'xpath=//button[@type='submit']'.</msg>
<arg>${login_button}</arg>
<doc>Clicks the button identified by ``locator``.</doc>
<status status="PASS" start="2026-01-05T10:52:28.131426" elapsed="0.065017"/>
</kw>
<arg>${USERNAME}</arg>
<arg>${PASSWORD}</arg>
<status status="PASS" start="2026-01-05T10:52:27.116079" elapsed="1.080476"/>
</kw>
<kw name="Logout From Application" owner="TopMenuPage">
<kw name="Wait Until Element Is Visible" owner="SeleniumLibrary">
<arg>${user_dropdown}</arg>
<arg>5s</arg>
<doc>Waits until the element ``locator`` is visible.</doc>
<status status="PASS" start="2026-01-05T10:52:28.196956" elapsed="3.209041"/>
</kw>
<kw name="Click Element" owner="SeleniumLibrary">
<msg time="2026-01-05T10:52:31.406429" level="INFO">Clicking element 'xpath=//p[contains(@class,'userdropdown')]'.</msg>
<arg>${user_dropdown}</arg>
<doc>Click the element identified by ``locator``.</doc>
<status status="PASS" start="2026-01-05T10:52:31.406208" elapsed="0.064324"/>
</kw>
<kw name="Wait Until Element Is Visible" owner="SeleniumLibrary">
<arg>${logout_button}</arg>
<arg>5s</arg>
<doc>Waits until the element ``locator`` is visible.</doc>
<status status="PASS" start="2026-01-05T10:52:31.470704" elapsed="0.237629"/>
</kw>
<kw name="Click Element" owner="SeleniumLibrary">
<msg time="2026-01-05T10:52:31.708689" level="INFO">Clicking element 'xpath=//a[text()='Logout']'.</msg>
<arg>${logout_button}</arg>
<doc>Click the element identified by ``locator``.</doc>
<status status="PASS" start="2026-01-05T10:52:31.708506" elapsed="3.433751"/>
</kw>
<status status="PASS" start="2026-01-05T10:52:28.196724" elapsed="6.945724"/>
</kw>
<kw name="Sleep" owner="BuiltIn">
<msg time="2026-01-05T10:52:37.143343" level="INFO">Slept 2 seconds.</msg>
<arg>2s</arg>
<doc>Pauses the test executed for the given time.</doc>
<status status="PASS" start="2026-01-05T10:52:35.142674" elapsed="2.000849"/>
</kw>
<kw name="Verify Login Page Is Visible" owner="DashboardPage">
<kw name="Wait Until Page Contains Element" owner="SeleniumLibrary">
<arg>name=username</arg>
<arg>10s</arg>
<doc>Waits until the element ``locator`` appears on the current page.</doc>
<status status="PASS" start="2026-01-05T10:52:37.144190" elapsed="0.010741"/>
</kw>
<status status="PASS" start="2026-01-05T10:52:37.143809" elapsed="0.011295"/>
</kw>
<status status="PASS" start="2026-01-05T10:52:27.115767" elapsed="10.039414"/>
</kw>
<arg>${test_flow}</arg>
<doc>Executes the given keyword with the given arguments.</doc>
<status status="PASS" start="2026-01-05T10:52:27.115343" elapsed="10.039907"/>
</kw>
<status status="PASS" start="2026-01-05T10:52:27.115125" elapsed="10.040178"/>
</branch>
<branch type="EXCEPT">
<kw name="Log To Console" owner="BuiltIn">
<arg>❌ Test Failed on ${browser} - Capturing Screenshot</arg>
<doc>Logs the given message to the console.</doc>
<status status="NOT RUN" start="2026-01-05T10:52:37.155593" elapsed="0.000045"/>
</kw>
<kw name="Capture Page Screenshot" owner="SeleniumLibrary">
<arg>${test_flow}_${browser}.png</arg>
<doc>Takes a screenshot of the current page and embeds it into a log file.</doc>
<status status="NOT RUN" start="2026-01-05T10:52:37.155805" elapsed="0.000036"/>
</kw>
<kw name="Fail" owner="BuiltIn">
<arg>Test failed on ${browser}</arg>
<doc>Fails the test with the given message and optionally alters its tags.</doc>
<status status="NOT RUN" start="2026-01-05T10:52:37.155959" elapsed="0.000033"/>
</kw>
<status status="NOT RUN" start="2026-01-05T10:52:37.155400" elapsed="0.000635"/>
</branch>
<branch type="FINALLY">
<kw name="Close Browser" owner="SeleniumLibrary">
<doc>Closes the current browser.</doc>
<status status="PASS" start="2026-01-05T10:52:37.156236" elapsed="4.821659"/>
</kw>
<status status="PASS" start="2026-01-05T10:52:37.156116" elapsed="4.821978"/>
</branch>
<status status="PASS" start="2026-01-05T10:52:27.115088" elapsed="14.863118"/>
</try>
<var name="${browser}">chrome</var>
<status status="PASS" start="2026-01-05T10:52:18.953909" elapsed="23.024361"/>
</iter>
<iter>
<kw name="Log To Console" owner="BuiltIn">
<arg>\n\n===== Running ${test_flow} on ${browser} =====</arg>
<doc>Logs the given message to the console.</doc>
<status status="PASS" start="2026-01-05T10:52:41.979081" elapsed="0.001066"/>
</kw>
<kw name="Open Browser" owner="SeleniumLibrary">
<msg time="2026-01-05T10:52:41.981042" level="INFO">Opening browser 'firefox' to base url 'https://opensource-demo.orangehrmlive.com'.</msg>
<arg>${URL}</arg>
<arg>${browser}</arg>
<doc>Opens a new browser instance to the optional ``url``.</doc>
<status status="PASS" start="2026-01-05T10:52:41.980575" elapsed="13.318594"/>
</kw>
<kw name="Maximize Browser Window" owner="SeleniumLibrary">
<doc>Maximizes current browser window.</doc>
<status status="PASS" start="2026-01-05T10:52:55.299492" elapsed="0.003018"/>
</kw>
<try>
<branch type="TRY">
<kw name="Run Keyword" owner="BuiltIn">
<kw name="Logout Flow">
<kw name="Login To OrangeHRM" owner="LoginPage">
<kw name="Wait Until Element Is Visible" owner="SeleniumLibrary">
<arg>${username_field}</arg>
<arg>10s</arg>
<doc>Waits until the element ``locator`` is visible.</doc>
<status status="PASS" start="2026-01-05T10:52:55.304187" elapsed="0.910952"/>
</kw>
<kw name="Input Text" owner="SeleniumLibrary">
<msg time="2026-01-05T10:52:56.215552" level="INFO">Typing text 'Admin' into text field 'name=username'.</msg>
<arg>${username_field}</arg>
<arg>${username}</arg>
<doc>Types the given ``text`` into the text field identified by ``locator``.</doc>
<status status="PASS" start="2026-01-05T10:52:56.215326" elapsed="0.050878"/>
</kw>
<kw name="Input Text" owner="SeleniumLibrary">
<msg time="2026-01-05T10:52:56.266813" level="INFO">Typing text 'admin123' into text field 'name=password'.</msg>
<arg>${password_field}</arg>
<arg>${password}</arg>
<doc>Types the given ``text`` into the text field identified by ``locator``.</doc>
<status status="PASS" start="2026-01-05T10:52:56.266455" elapsed="0.022550"/>
</kw>
<kw name="Click Button" owner="SeleniumLibrary">
<msg time="2026-01-05T10:52:56.289382" level="INFO">Clicking button 'xpath=//button[@type='submit']'.</msg>
<arg>${login_button}</arg>
<doc>Clicks the button identified by ``locator``.</doc>
<status status="PASS" start="2026-01-05T10:52:56.289184" elapsed="2.544997"/>
</kw>
<arg>${USERNAME}</arg>
<arg>${PASSWORD}</arg>
<status status="PASS" start="2026-01-05T10:52:55.303768" elapsed="3.530520"/>
</kw>
<kw name="Logout From Application" owner="TopMenuPage">
<kw name="Wait Until Element Is Visible" owner="SeleniumLibrary">
<arg>${user_dropdown}</arg>
<arg>5s</arg>
<doc>Waits until the element ``locator`` is visible.</doc>
<status status="PASS" start="2026-01-05T10:52:58.834754" elapsed="1.236054"/>
</kw>
<kw name="Click Element" owner="SeleniumLibrary">
<msg time="2026-01-05T10:53:00.071847" level="INFO">Clicking element 'xpath=//p[contains(@class,'userdropdown')]'.</msg>
<arg>${user_dropdown}</arg>
<doc>Click the element identified by ``locator``.</doc>
<status status="PASS" start="2026-01-05T10:53:00.071177" elapsed="0.062724"/>
</kw>
<kw name="Wait Until Element Is Visible" owner="SeleniumLibrary">
<arg>${logout_button}</arg>
<arg>5s</arg>
<doc>Waits until the element ``locator`` is visible.</doc>
<status status="PASS" start="2026-01-05T10:53:00.134214" elapsed="0.222386"/>
</kw>
<kw name="Click Element" owner="SeleniumLibrary">
<msg time="2026-01-05T10:53:00.357365" level="INFO">Clicking element 'xpath=//a[text()='Logout']'.</msg>
<arg>${logout_button}</arg>
<doc>Click the element identified by ``locator``.</doc>
<status status="PASS" start="2026-01-05T10:53:00.357017" elapsed="2.128536"/>
</kw>
<status status="PASS" start="2026-01-05T10:52:58.834466" elapsed="3.651217"/>
</kw>
<kw name="Sleep" owner="BuiltIn">
<msg time="2026-01-05T10:53:04.486632" level="INFO">Slept 2 seconds.</msg>
<arg>2s</arg>
<doc>Pauses the test executed for the given time.</doc>
<status status="PASS" start="2026-01-05T10:53:02.485825" elapsed="2.001059"/>
</kw>
<kw name="Verify Login Page Is Visible" owner="DashboardPage">
<kw name="Wait Until Page Contains Element" owner="SeleniumLibrary">
<arg>name=username</arg>
<arg>10s</arg>
<doc>Waits until the element ``locator`` appears on the current page.</doc>
<status status="PASS" start="2026-01-05T10:53:04.487963" elapsed="0.007210"/>
</kw>
<status status="PASS" start="2026-01-05T10:53:04.487331" elapsed="0.007974"/>
</kw>
<status status="PASS" start="2026-01-05T10:52:55.303415" elapsed="9.191956"/>
</kw>
<arg>${test_flow}</arg>
<doc>Executes the given keyword with the given arguments.</doc>
<status status="PASS" start="2026-01-05T10:52:55.302929" elapsed="9.192498"/>
</kw>
<status status="PASS" start="2026-01-05T10:52:55.302732" elapsed="9.192744"/>
</branch>
<branch type="EXCEPT">
<kw name="Log To Console" owner="BuiltIn">
<arg>❌ Test Failed on ${browser} - Capturing Screenshot</arg>
<doc>Logs the given message to the console.</doc>
<status status="NOT RUN" start="2026-01-05T10:53:04.495722" elapsed="0.000039"/>
</kw>
<kw name="Capture Page Screenshot" owner="SeleniumLibrary">
<arg>${test_flow}_${browser}.png</arg>
<doc>Takes a screenshot of the current page and embeds it into a log file.</doc>
<status status="NOT RUN" start="2026-01-05T10:53:04.495892" elapsed="0.000031"/>
</kw>
<kw name="Fail" owner="BuiltIn">
<arg>Test failed on ${browser}</arg>
<doc>Fails the test with the given message and optionally alters its tags.</doc>
<status status="NOT RUN" start="2026-01-05T10:53:04.496030" elapsed="0.000030"/>
</kw>
<status status="NOT RUN" start="2026-01-05T10:53:04.495561" elapsed="0.000544"/>
</branch>
<branch type="FINALLY">
<kw name="Close Browser" owner="SeleniumLibrary">
<doc>Closes the current browser.</doc>
<status status="PASS" start="2026-01-05T10:53:04.496272" elapsed="5.634016"/>
</kw>
<status status="PASS" start="2026-01-05T10:53:04.496170" elapsed="5.634222"/>
</branch>
<status status="PASS" start="2026-01-05T10:52:55.302668" elapsed="14.827767"/>
</try>
<var name="${browser}">firefox</var>
<status status="PASS" start="2026-01-05T10:52:41.978800" elapsed="28.151672"/>
</iter>
<iter>
<kw name="Log To Console" owner="BuiltIn">
<arg>\n\n===== Running ${test_flow} on ${browser} =====</arg>
<doc>Logs the given message to the console.</doc>
<status status="PASS" start="2026-01-05T10:53:10.130866" elapsed="0.000683"/>
</kw>
<kw name="Open Browser" owner="SeleniumLibrary">
<msg time="2026-01-05T10:53:10.132079" level="INFO">Opening browser 'edge' to base url 'https://opensource-demo.orangehrmlive.com'.</msg>
<msg time="2026-01-05T10:53:11.255637" level="WARN">There was an error managing msedgedriver (error sending request for url (https://msedgedriver.azureedge.net/LATEST_RELEASE_143_WINDOWS)); using driver found in the cache</msg>
<arg>${URL}</arg>
<arg>${browser}</arg>
<doc>Opens a new browser instance to the optional ``url``.</doc>
<status status="PASS" start="2026-01-05T10:53:10.131827" elapsed="9.034605"/>
</kw>
<kw name="Maximize Browser Window" owner="SeleniumLibrary">
<doc>Maximizes current browser window.</doc>
<status status="PASS" start="2026-01-05T10:53:19.166741" elapsed="0.041096"/>
</kw>
<try>
<branch type="TRY">
<kw name="Run Keyword" owner="BuiltIn">
<kw name="Logout Flow">
<kw name="Login To OrangeHRM" owner="LoginPage">
<kw name="Wait Until Element Is Visible" owner="SeleniumLibrary">
<arg>${username_field}</arg>
<arg>10s</arg>
<doc>Waits until the element ``locator`` is visible.</doc>
<status status="PASS" start="2026-01-05T10:53:19.208956" elapsed="0.874414"/>
</kw>
<kw name="Input Text" owner="SeleniumLibrary">
<msg time="2026-01-05T10:53:20.083796" level="INFO">Typing text 'Admin' into text field 'name=username'.</msg>
<arg>${username_field}</arg>
<arg>${username}</arg>
<doc>Types the given ``text`` into the text field identified by ``locator``.</doc>
<status status="PASS" start="2026-01-05T10:53:20.083559" elapsed="0.096875"/>
</kw>
<kw name="Input Text" owner="SeleniumLibrary">
<msg time="2026-01-05T10:53:20.181160" level="INFO">Typing text 'admin123' into text field 'name=password'.</msg>
<arg>${password_field}</arg>
<arg>${password}</arg>
<doc>Types the given ``text`` into the text field identified by ``locator``.</doc>
<status status="PASS" start="2026-01-05T10:53:20.180723" elapsed="0.092787"/>
</kw>
<kw name="Click Button" owner="SeleniumLibrary">
<msg time="2026-01-05T10:53:20.274091" level="INFO">Clicking button 'xpath=//button[@type='submit']'.</msg>
<arg>${login_button}</arg>
<doc>Clicks the button identified by ``locator``.</doc>
<status status="PASS" start="2026-01-05T10:53:20.273757" elapsed="2.288161"/>
</kw>
<arg>${USERNAME}</arg>
<arg>${PASSWORD}</arg>
<status status="PASS" start="2026-01-05T10:53:19.208740" elapsed="3.353335"/>
</kw>
<kw name="Logout From Application" owner="TopMenuPage">
<kw name="Wait Until Element Is Visible" owner="SeleniumLibrary">
<arg>${user_dropdown}</arg>
<arg>5s</arg>
<doc>Waits until the element ``locator`` is visible.</doc>
<status status="PASS" start="2026-01-05T10:53:22.562706" elapsed="0.651506"/>
</kw>
<kw name="Click Element" owner="SeleniumLibrary">
<msg time="2026-01-05T10:53:23.214556" level="INFO">Clicking element 'xpath=//p[contains(@class,'userdropdown')]'.</msg>
<arg>${user_dropdown}</arg>
<doc>Click the element identified by ``locator``.</doc>
<status status="PASS" start="2026-01-05T10:53:23.214375" elapsed="0.058886"/>
</kw>
<kw name="Wait Until Element Is Visible" owner="SeleniumLibrary">
<arg>${logout_button}</arg>
<arg>5s</arg>
<doc>Waits until the element ``locator`` is visible.</doc>
<status status="PASS" start="2026-01-05T10:53:23.273526" elapsed="0.236658"/>
</kw>
<kw name="Click Element" owner="SeleniumLibrary">
<msg time="2026-01-05T10:53:23.510614" level="INFO">Clicking element 'xpath=//a[text()='Logout']'.</msg>
<arg>${logout_button}</arg>
<doc>Click the element identified by ``locator``.</doc>
<status status="PASS" start="2026-01-05T10:53:23.510376" elapsed="6.932303"/>
</kw>
<status status="PASS" start="2026-01-05T10:53:22.562328" elapsed="7.880531"/>
</kw>
<kw name="Sleep" owner="BuiltIn">
<msg time="2026-01-05T10:53:32.443619" level="INFO">Slept 2 seconds.</msg>
<arg>2s</arg>
<doc>Pauses the test executed for the given time.</doc>
<status status="PASS" start="2026-01-05T10:53:30.443051" elapsed="2.000686"/>
</kw>
<kw name="Verify Login Page Is Visible" owner="DashboardPage">
<kw name="Wait Until Page Contains Element" owner="SeleniumLibrary">
<arg>name=username</arg>
<arg>10s</arg>
<doc>Waits until the element ``locator`` appears on the current page.</doc>
<status status="PASS" start="2026-01-05T10:53:32.444230" elapsed="0.010838"/>
</kw>
<status status="PASS" start="2026-01-05T10:53:32.443951" elapsed="0.011208"/>
</kw>
<status status="PASS" start="2026-01-05T10:53:19.208489" elapsed="13.246709"/>
</kw>
<arg>${test_flow}</arg>
<doc>Executes the given keyword with the given arguments.</doc>
<status status="PASS" start="2026-01-05T10:53:19.208169" elapsed="13.247063"/>
</kw>
<status status="PASS" start="2026-01-05T10:53:19.208031" elapsed="13.247229"/>
</branch>
<branch type="EXCEPT">
<kw name="Log To Console" owner="BuiltIn">
<arg>❌ Test Failed on ${browser} - Capturing Screenshot</arg>
<doc>Logs the given message to the console.</doc>
<status status="NOT RUN" start="2026-01-05T10:53:32.455563" elapsed="0.000032"/>
</kw>
<kw name="Capture Page Screenshot" owner="SeleniumLibrary">
<arg>${test_flow}_${browser}.png</arg>
<doc>Takes a screenshot of the current page and embeds it into a log file.</doc>
<status status="NOT RUN" start="2026-01-05T10:53:32.455681" elapsed="0.000018"/>
</kw>
<kw name="Fail" owner="BuiltIn">
<arg>Test failed on ${browser}</arg>
<doc>Fails the test with the given message and optionally alters its tags.</doc>
<status status="NOT RUN" start="2026-01-05T10:53:32.455762" elapsed="0.000018"/>
</kw>
<status status="NOT RUN" start="2026-01-05T10:53:32.455315" elapsed="0.000490"/>
</branch>
<branch type="FINALLY">
<kw name="Close Browser" owner="SeleniumLibrary">
<doc>Closes the current browser.</doc>
<status status="PASS" start="2026-01-05T10:53:32.455908" elapsed="3.364258"/>
</kw>
<status status="PASS" start="2026-01-05T10:53:32.455850" elapsed="3.364505"/>
</branch>
<status status="PASS" start="2026-01-05T10:53:19.207981" elapsed="16.612484"/>
</try>
<var name="${browser}">edge</var>
<status status="PASS" start="2026-01-05T10:53:10.130719" elapsed="25.689811"/>
</iter>
<var>${browser}</var>
<value>@{BROWSERS}</value>
<status status="PASS" start="2026-01-05T10:52:18.953686" elapsed="76.866960"/>
</for>
<arg>Logout Flow</arg>
<status status="PASS" start="2026-01-05T10:52:18.953464" elapsed="76.867399"/>
</kw>
<status status="PASS" start="2026-01-05T10:52:18.952753" elapsed="76.868884"/>
</test>
<status status="PASS" start="2026-01-05T10:52:18.945871" elapsed="76.877808"/>
</suite>
<suite id="s1-s3" name="NavigateToInfoPage" source="C:\Users\Aniket\Desktop\RobotStart\tests\NavigateToInfoPage.robot">
<test id="s1-s3-t1" name="TC03 - Navigate To My Info Page" line="13">
<kw name="Run On All Browsers" owner="browser_keywords">
<for flavor="IN">
<iter>
<kw name="Log To Console" owner="BuiltIn">
<arg>\n\n===== Running ${test_flow} on ${browser} =====</arg>
<doc>Logs the given message to the console.</doc>
<status status="PASS" start="2026-01-05T10:53:35.832946" elapsed="0.000402"/>
</kw>
<kw name="Open Browser" owner="SeleniumLibrary">
<msg time="2026-01-05T10:53:35.833687" level="INFO">Opening browser 'chrome' to base url 'https://opensource-demo.orangehrmlive.com'.</msg>
<arg>${URL}</arg>
<arg>${browser}</arg>
<doc>Opens a new browser instance to the optional ``url``.</doc>
<status status="PASS" start="2026-01-05T10:53:35.833515" elapsed="8.089475"/>
</kw>
<kw name="Maximize Browser Window" owner="SeleniumLibrary">
<doc>Maximizes current browser window.</doc>
<status status="PASS" start="2026-01-05T10:53:43.923208" elapsed="0.024520"/>
</kw>
<try>
<branch type="TRY">
<kw name="Run Keyword" owner="BuiltIn">
<kw name="My Info Flow">
<kw name="Login To OrangeHRM" owner="LoginPage">
<kw name="Wait Until Element Is Visible" owner="SeleniumLibrary">
<arg>${username_field}</arg>
<arg>10s</arg>
<doc>Waits until the element ``locator`` is visible.</doc>
<status status="PASS" start="2026-01-05T10:53:43.948737" elapsed="0.657396"/>
</kw>
<kw name="Input Text" owner="SeleniumLibrary">
<msg time="2026-01-05T10:53:44.606522" level="INFO">Typing text 'Admin' into text field 'name=username'.</msg>
<arg>${username_field}</arg>
<arg>${username}</arg>
<doc>Types the given ``text`` into the text field identified by ``locator``.</doc>
<status status="PASS" start="2026-01-05T10:53:44.606313" elapsed="0.091211"/>
</kw>
<kw name="Input Text" owner="SeleniumLibrary">
<msg time="2026-01-05T10:53:44.698151" level="INFO">Typing text 'admin123' into text field 'name=password'.</msg>
<arg>${password_field}</arg>
<arg>${password}</arg>
<doc>Types the given ``text`` into the text field identified by ``locator``.</doc>
<status status="PASS" start="2026-01-05T10:53:44.697825" elapsed="0.080428"/>
</kw>
<kw name="Click Button" owner="SeleniumLibrary">
<msg time="2026-01-05T10:53:44.778705" level="INFO">Clicking button 'xpath=//button[@type='submit']'.</msg>
<arg>${login_button}</arg>
<doc>Clicks the button identified by ``locator``.</doc>
<status status="PASS" start="2026-01-05T10:53:44.778451" elapsed="0.077883"/>
</kw>
<arg>${USERNAME}</arg>
<arg>${PASSWORD}</arg>
<status status="PASS" start="2026-01-05T10:53:43.948465" elapsed="0.907973"/>
</kw>
<kw name="Sleep" owner="BuiltIn">
<msg time="2026-01-05T10:53:46.857305" level="INFO">Slept 2 seconds.</msg>
<arg>2s</arg>
<doc>Pauses the test executed for the given time.</doc>
<status status="PASS" start="2026-01-05T10:53:44.856630" elapsed="2.000782"/>
</kw>
<kw name="Navigate To My Info" owner="TopMenuPage">
<kw name="Wait Until Element Is Visible" owner="SeleniumLibrary">
<arg>${myinfo_menu}</arg>
<arg>10s</arg>
<doc>Waits until the element ``locator`` is visible.</doc>
<status status="PASS" start="2026-01-05T10:53:46.857796" elapsed="0.661186"/>
</kw>
<kw name="Click Element" owner="SeleniumLibrary">
<msg time="2026-01-05T10:53:47.519472" level="INFO">Clicking element 'xpath=//span[text()='My Info']'.</msg>
<arg>${myinfo_menu}</arg>
<doc>Click the element identified by ``locator``.</doc>
<status status="PASS" start="2026-01-05T10:53:47.519180" elapsed="2.471945"/>
</kw>
<status status="PASS" start="2026-01-05T10:53:46.857593" elapsed="3.133626"/>
</kw>
<kw name="Verify My Info Page Is Visible" owner="MyInfoPage">
<kw name="Sleep" owner="BuiltIn">
<msg time="2026-01-05T10:53:51.991837" level="INFO">Slept 2 seconds.</msg>
<arg>2s</arg>
<doc>Pauses the test executed for the given time.</doc>
<status status="PASS" start="2026-01-05T10:53:49.991550" elapsed="2.000406"/>
</kw>
<kw name="Wait Until Element Is Visible" owner="SeleniumLibrary">
<arg>${personal_details_header}</arg>
<arg>10s</arg>
<doc>Waits until the element ``locator`` is visible.</doc>
<status status="PASS" start="2026-01-05T10:53:51.992187" elapsed="0.021445"/>
</kw>
<status status="PASS" start="2026-01-05T10:53:49.991359" elapsed="2.022469"/>
</kw>
<status status="PASS" start="2026-01-05T10:53:43.948258" elapsed="8.065638"/>
</kw>
<arg>${test_flow}</arg>
<doc>Executes the given keyword with the given arguments.</doc>
<status status="PASS" start="2026-01-05T10:53:43.947982" elapsed="8.065978"/>
</kw>
<status status="PASS" start="2026-01-05T10:53:43.947861" elapsed="8.066145"/>
</branch>
<branch type="EXCEPT">
<kw name="Log To Console" owner="BuiltIn">
<arg>❌ Test Failed on ${browser} - Capturing Screenshot</arg>
<doc>Logs the given message to the console.</doc>
<status status="NOT RUN" start="2026-01-05T10:53:52.014278" elapsed="0.000042"/>
</kw>
<kw name="Capture Page Screenshot" owner="SeleniumLibrary">
<arg>${test_flow}_${browser}.png</arg>
<doc>Takes a screenshot of the current page and embeds it into a log file.</doc>
<status status="NOT RUN" start="2026-01-05T10:53:52.014462" elapsed="0.000041"/>
</kw>
<kw name="Fail" owner="BuiltIn">
<arg>Test failed on ${browser}</arg>
<doc>Fails the test with the given message and optionally alters its tags.</doc>
<status status="NOT RUN" start="2026-01-05T10:53:52.014628" elapsed="0.000028"/>
</kw>
<status status="NOT RUN" start="2026-01-05T10:53:52.014103" elapsed="0.000595"/>
</branch>
<branch type="FINALLY">
<kw name="Close Browser" owner="SeleniumLibrary">
<doc>Closes the current browser.</doc>
<status status="PASS" start="2026-01-05T10:53:52.014884" elapsed="3.314738"/>
</kw>
<status status="PASS" start="2026-01-05T10:53:52.014769" elapsed="3.314935"/>
</branch>
<status status="PASS" start="2026-01-05T10:53:43.947824" elapsed="11.381917"/>
</try>
<var name="${browser}">chrome</var>
<status status="PASS" start="2026-01-05T10:53:35.832854" elapsed="19.496909"/>
</iter>
<iter>
<kw name="Log To Console" owner="BuiltIn">
<arg>\n\n===== Running ${test_flow} on ${browser} =====</arg>
<doc>Logs the given message to the console.</doc>
<status status="PASS" start="2026-01-05T10:53:55.330115" elapsed="0.000566"/>
</kw>
<kw name="Open Browser" owner="SeleniumLibrary">
<msg time="2026-01-05T10:53:55.331447" level="INFO">Opening browser 'firefox' to base url 'https://opensource-demo.orangehrmlive.com'.</msg>
<arg>${URL}</arg>
<arg>${browser}</arg>
<doc>Opens a new browser instance to the optional ``url``.</doc>
<status status="PASS" start="2026-01-05T10:53:55.331121" elapsed="13.209861"/>
</kw>
<kw name="Maximize Browser Window" owner="SeleniumLibrary">
<doc>Maximizes current browser window.</doc>
<status status="PASS" start="2026-01-05T10:54:08.541294" elapsed="0.003475"/>
</kw>
<try>
<branch type="TRY">
<kw name="Run Keyword" owner="BuiltIn">
<kw name="My Info Flow">
<kw name="Login To OrangeHRM" owner="LoginPage">
<kw name="Wait Until Element Is Visible" owner="SeleniumLibrary">
<arg>${username_field}</arg>
<arg>10s</arg>
<doc>Waits until the element ``locator`` is visible.</doc>
<status status="PASS" start="2026-01-05T10:54:08.545950" elapsed="1.057512"/>
</kw>
<kw name="Input Text" owner="SeleniumLibrary">
<msg time="2026-01-05T10:54:09.604074" level="INFO">Typing text 'Admin' into text field 'name=username'.</msg>
<arg>${username_field}</arg>
<arg>${username}</arg>
<doc>Types the given ``text`` into the text field identified by ``locator``.</doc>
<status status="PASS" start="2026-01-05T10:54:09.603742" elapsed="0.027583"/>
</kw>
<kw name="Input Text" owner="SeleniumLibrary">
<msg time="2026-01-05T10:54:09.632039" level="INFO">Typing text 'admin123' into text field 'name=password'.</msg>
<arg>${password_field}</arg>
<arg>${password}</arg>
<doc>Types the given ``text`` into the text field identified by ``locator``.</doc>
<status status="PASS" start="2026-01-05T10:54:09.631640" elapsed="0.026150"/>
</kw>
<kw name="Click Button" owner="SeleniumLibrary">
<msg time="2026-01-05T10:54:09.658220" level="INFO">Clicking button 'xpath=//button[@type='submit']'.</msg>
<arg>${login_button}</arg>
<doc>Clicks the button identified by ``locator``.</doc>
<status status="PASS" start="2026-01-05T10:54:09.657979" elapsed="4.715120"/>
</kw>
<arg>${USERNAME}</arg>
<arg>${PASSWORD}</arg>
<status status="PASS" start="2026-01-05T10:54:08.545693" elapsed="5.827510"/>
</kw>
<kw name="Sleep" owner="BuiltIn">
<msg time="2026-01-05T10:54:16.373745" level="INFO">Slept 2 seconds.</msg>
<arg>2s</arg>
<doc>Pauses the test executed for the given time.</doc>
<status status="PASS" start="2026-01-05T10:54:14.373320" elapsed="2.000547"/>
</kw>
<kw name="Navigate To My Info" owner="TopMenuPage">
<kw name="Wait Until Element Is Visible" owner="SeleniumLibrary">
<arg>${myinfo_menu}</arg>
<arg>10s</arg>
<doc>Waits until the element ``locator`` is visible.</doc>
<status status="PASS" start="2026-01-05T10:54:16.374278" elapsed="0.015276"/>
</kw>
<kw name="Click Element" owner="SeleniumLibrary">
<msg time="2026-01-05T10:54:16.389896" level="INFO">Clicking element 'xpath=//span[text()='My Info']'.</msg>
<arg>${myinfo_menu}</arg>
<doc>Click the element identified by ``locator``.</doc>
<status status="PASS" start="2026-01-05T10:54:16.389716" elapsed="2.956100"/>
</kw>
<status status="PASS" start="2026-01-05T10:54:16.374061" elapsed="2.971884"/>
</kw>
<kw name="Verify My Info Page Is Visible" owner="MyInfoPage">
<kw name="Sleep" owner="BuiltIn">
<msg time="2026-01-05T10:54:21.347324" level="INFO">Slept 2 seconds.</msg>
<arg>2s</arg>
<doc>Pauses the test executed for the given time.</doc>
<status status="PASS" start="2026-01-05T10:54:19.346490" elapsed="2.000952"/>
</kw>
<kw name="Wait Until Element Is Visible" owner="SeleniumLibrary">
<arg>${personal_details_header}</arg>
<arg>10s</arg>
<doc>Waits until the element ``locator`` is visible.</doc>
<status status="PASS" start="2026-01-05T10:54:21.347615" elapsed="0.012513"/>
</kw>
<status status="PASS" start="2026-01-05T10:54:19.346196" elapsed="2.014031"/>
</kw>
<status status="PASS" start="2026-01-05T10:54:08.545420" elapsed="12.814847"/>
</kw>
<arg>${test_flow}</arg>
<doc>Executes the given keyword with the given arguments.</doc>
<status status="PASS" start="2026-01-05T10:54:08.545081" elapsed="12.815218"/>
</kw>
<status status="PASS" start="2026-01-05T10:54:08.544943" elapsed="12.815384"/>
</branch>
<branch type="EXCEPT">
<kw name="Log To Console" owner="BuiltIn">
<arg>❌ Test Failed on ${browser} - Capturing Screenshot</arg>
<doc>Logs the given message to the console.</doc>
<status status="NOT RUN" start="2026-01-05T10:54:21.360483" elapsed="0.000023"/>
</kw>
<kw name="Capture Page Screenshot" owner="SeleniumLibrary">
<arg>${test_flow}_${browser}.png</arg>
<doc>Takes a screenshot of the current page and embeds it into a log file.</doc>
<status status="NOT RUN" start="2026-01-05T10:54:21.360585" elapsed="0.000018"/>
</kw>
<kw name="Fail" owner="BuiltIn">
<arg>Test failed on ${browser}</arg>
<doc>Fails the test with the given message and optionally alters its tags.</doc>
<status status="NOT RUN" start="2026-01-05T10:54:21.360666" elapsed="0.000017"/>
</kw>
<status status="NOT RUN" start="2026-01-05T10:54:21.360378" elapsed="0.000330"/>
</branch>
<branch type="FINALLY">
<kw name="Close Browser" owner="SeleniumLibrary">
<doc>Closes the current browser.</doc>
<status status="PASS" start="2026-01-05T10:54:21.360804" elapsed="6.037530"/>
</kw>
<status status="PASS" start="2026-01-05T10:54:21.360746" elapsed="6.037698"/>
</branch>
<status status="PASS" start="2026-01-05T10:54:08.544898" elapsed="18.853592"/>
</try>
<var name="${browser}">firefox</var>
<status status="PASS" start="2026-01-05T10:53:55.329980" elapsed="32.068535"/>
</iter>
<iter>
<kw name="Log To Console" owner="BuiltIn">
<arg>\n\n===== Running ${test_flow} on ${browser} =====</arg>
<doc>Logs the given message to the console.</doc>
<status status="PASS" start="2026-01-05T10:54:27.398963" elapsed="0.000460"/>
</kw>
<kw name="Open Browser" owner="SeleniumLibrary">
<msg time="2026-01-05T10:54:27.399850" level="INFO">Opening browser 'edge' to base url 'https://opensource-demo.orangehrmlive.com'.</msg>
<msg time="2026-01-05T10:54:28.532319" level="WARN">There was an error managing msedgedriver (error sending request for url (https://msedgedriver.azureedge.net/LATEST_RELEASE_143_WINDOWS)); using driver found in the cache</msg>
<arg>${URL}</arg>
<arg>${browser}</arg>
<doc>Opens a new browser instance to the optional ``url``.</doc>
<status status="PASS" start="2026-01-05T10:54:27.399629" elapsed="9.016272"/>
</kw>
<kw name="Maximize Browser Window" owner="SeleniumLibrary">
<doc>Maximizes current browser window.</doc>
<status status="PASS" start="2026-01-05T10:54:36.416191" elapsed="0.036033"/>
</kw>
<try>
<branch type="TRY">
<kw name="Run Keyword" owner="BuiltIn">
<kw name="My Info Flow">
<kw name="Login To OrangeHRM" owner="LoginPage">
<kw name="Wait Until Element Is Visible" owner="SeleniumLibrary">
<arg>${username_field}</arg>
<arg>10s</arg>
<doc>Waits until the element ``locator`` is visible.</doc>
<status status="PASS" start="2026-01-05T10:54:36.453643" elapsed="0.875819"/>
</kw>
<kw name="Input Text" owner="SeleniumLibrary">
<msg time="2026-01-05T10:54:37.330026" level="INFO">Typing text 'Admin' into text field 'name=username'.</msg>
<arg>${username_field}</arg>
<arg>${username}</arg>
<doc>Types the given ``text`` into the text field identified by ``locator``.</doc>
<status status="PASS" start="2026-01-05T10:54:37.329735" elapsed="0.071596"/>
</kw>
<kw name="Input Text" owner="SeleniumLibrary">
<msg time="2026-01-05T10:54:37.401863" level="INFO">Typing text 'admin123' into text field 'name=password'.</msg>
<arg>${password_field}</arg>
<arg>${password}</arg>
<doc>Types the given ``text`` into the text field identified by ``locator``.</doc>
<status status="PASS" start="2026-01-05T10:54:37.401548" elapsed="0.128212"/>
</kw>
<kw name="Click Button" owner="SeleniumLibrary">
<msg time="2026-01-05T10:54:37.530130" level="INFO">Clicking button 'xpath=//button[@type='submit']'.</msg>
<arg>${login_button}</arg>
<doc>Clicks the button identified by ``locator``.</doc>
<status status="PASS" start="2026-01-05T10:54:37.529937" elapsed="2.168765"/>
</kw>
<arg>${USERNAME}</arg>
<arg>${PASSWORD}</arg>
<status status="PASS" start="2026-01-05T10:54:36.453274" elapsed="3.245715"/>
</kw>
<kw name="Sleep" owner="BuiltIn">
<msg time="2026-01-05T10:54:41.699810" level="INFO">Slept 2 seconds.</msg>
<arg>2s</arg>
<doc>Pauses the test executed for the given time.</doc>
<status status="PASS" start="2026-01-05T10:54:39.699208" elapsed="2.000762"/>
</kw>
<kw name="Navigate To My Info" owner="TopMenuPage">
<kw name="Wait Until Element Is Visible" owner="SeleniumLibrary">
<arg>${myinfo_menu}</arg>
<arg>10s</arg>
<doc>Waits until the element ``locator`` is visible.</doc>
<status status="PASS" start="2026-01-05T10:54:41.700647" elapsed="0.033381"/>
</kw>
<kw name="Click Element" owner="SeleniumLibrary">
<msg time="2026-01-05T10:54:41.734660" level="INFO">Clicking element 'xpath=//span[text()='My Info']'.</msg>
<arg>${myinfo_menu}</arg>
<doc>Click the element identified by ``locator``.</doc>
<status status="PASS" start="2026-01-05T10:54:41.734325" elapsed="3.107094"/>
</kw>
<status status="PASS" start="2026-01-05T10:54:41.700270" elapsed="3.141270"/>
</kw>
<kw name="Verify My Info Page Is Visible" owner="MyInfoPage">
<kw name="Sleep" owner="BuiltIn">
<msg time="2026-01-05T10:54:46.842580" level="INFO">Slept 2 seconds.</msg>
<arg>2s</arg>
<doc>Pauses the test executed for the given time.</doc>
<status status="PASS" start="2026-01-05T10:54:44.841982" elapsed="2.000736"/>
</kw>
<kw name="Wait Until Element Is Visible" owner="SeleniumLibrary">
<arg>${personal_details_header}</arg>
<arg>10s</arg>
<doc>Waits until the element ``locator`` is visible.</doc>
<status status="PASS" start="2026-01-05T10:54:46.842929" elapsed="0.023932"/>
</kw>
<status status="PASS" start="2026-01-05T10:54:44.841754" elapsed="2.025205"/>
</kw>
<status status="PASS" start="2026-01-05T10:54:36.452982" elapsed="10.414041"/>
</kw>
<arg>${test_flow}</arg>
<doc>Executes the given keyword with the given arguments.</doc>
<status status="PASS" start="2026-01-05T10:54:36.452571" elapsed="10.414489"/>
</kw>
<status status="PASS" start="2026-01-05T10:54:36.452386" elapsed="10.414705"/>
</branch>
<branch type="EXCEPT">
<kw name="Log To Console" owner="BuiltIn">
<arg>❌ Test Failed on ${browser} - Capturing Screenshot</arg>
<doc>Logs the given message to the console.</doc>
<status status="NOT RUN" start="2026-01-05T10:54:46.867323" elapsed="0.000042"/>
</kw>
<kw name="Capture Page Screenshot" owner="SeleniumLibrary">
<arg>${test_flow}_${browser}.png</arg>
<doc>Takes a screenshot of the current page and embeds it into a log file.</doc>
<status status="NOT RUN" start="2026-01-05T10:54:46.867561" elapsed="0.000026"/>
</kw>
<kw name="Fail" owner="BuiltIn">
<arg>Test failed on ${browser}</arg>
<doc>Fails the test with the given message and optionally alters its tags.</doc>
<status status="NOT RUN" start="2026-01-05T10:54:46.867682" elapsed="0.000020"/>
</kw>
<status status="NOT RUN" start="2026-01-05T10:54:46.867152" elapsed="0.000586"/>
</branch>
<branch type="FINALLY">
<kw name="Close Browser" owner="SeleniumLibrary">
<doc>Closes the current browser.</doc>
<status status="PASS" start="2026-01-05T10:54:46.867953" elapsed="3.393832"/>
</kw>
<status status="PASS" start="2026-01-05T10:54:46.867843" elapsed="3.394049"/>
</branch>
<status status="PASS" start="2026-01-05T10:54:36.452344" elapsed="13.809592"/>
</try>
<var name="${browser}">edge</var>
<status status="PASS" start="2026-01-05T10:54:27.398817" elapsed="22.863147"/>
</iter>
<var>${browser}</var>
<value>@{BROWSERS}</value>
<status status="PASS" start="2026-01-05T10:53:35.832695" elapsed="74.429316"/>
</for>
<arg>My Info Flow</arg>
<status status="PASS" start="2026-01-05T10:53:35.832499" elapsed="74.429598"/>
</kw>
<status status="PASS" start="2026-01-05T10:53:35.831837" elapsed="74.430757"/>
</test>
<status status="PASS" start="2026-01-05T10:53:35.825631" elapsed="74.437764"/>
</suite>
<suite id="s1-s4" name="RecruitmentTest" source="C:\Users\Aniket\Desktop\RobotStart\tests\RecruitmentTest.robot">
<test id="s1-s4-t1" name="TC07 - Navigate to Recruitment Page" line="13">
<kw name="Run On All Browsers" owner="browser_keywords">
<for flavor="IN">
<iter>
<kw name="Log To Console" owner="BuiltIn">
<arg>\n\n===== Running ${test_flow} on ${browser} =====</arg>
<doc>Logs the given message to the console.</doc>
<status status="PASS" start="2026-01-05T10:54:50.273235" elapsed="0.000388"/>
</kw>
<kw name="Open Browser" owner="SeleniumLibrary">
<msg time="2026-01-05T10:54:50.274159" level="INFO">Opening browser 'chrome' to base url 'https://opensource-demo.orangehrmlive.com'.</msg>
<arg>${URL}</arg>
<arg>${browser}</arg>
<doc>Opens a new browser instance to the optional ``url``.</doc>
<status status="PASS" start="2026-01-05T10:54:50.273852" elapsed="8.080180"/>
</kw>
<kw name="Maximize Browser Window" owner="SeleniumLibrary">
<doc>Maximizes current browser window.</doc>
<status status="PASS" start="2026-01-05T10:54:58.354267" elapsed="0.032702"/>
</kw>
<try>
<branch type="TRY">
<kw name="Run Keyword" owner="BuiltIn">
<kw name="Navigate To Recruitment Page Flow">
<kw name="Login To OrangeHRM" owner="LoginPage">
<kw name="Wait Until Element Is Visible" owner="SeleniumLibrary">
<arg>${username_field}</arg>
<arg>10s</arg>
<doc>Waits until the element ``locator`` is visible.</doc>
<status status="PASS" start="2026-01-05T10:54:58.387958" elapsed="1.077780"/>
</kw>
<kw name="Input Text" owner="SeleniumLibrary">
<msg time="2026-01-05T10:54:59.466659" level="INFO">Typing text 'Admin' into text field 'name=username'.</msg>
<arg>${username_field}</arg>
<arg>${username}</arg>
<doc>Types the given ``text`` into the text field identified by ``locator``.</doc>
<status status="PASS" start="2026-01-05T10:54:59.466394" elapsed="0.068103"/>
</kw>
<kw name="Input Text" owner="SeleniumLibrary">
<msg time="2026-01-05T10:54:59.535028" level="INFO">Typing text 'admin123' into text field 'name=password'.</msg>
<arg>${password_field}</arg>
<arg>${password}</arg>
<doc>Types the given ``text`` into the text field identified by ``locator``.</doc>
<status status="PASS" start="2026-01-05T10:54:59.534734" elapsed="0.072887"/>
</kw>
<kw name="Click Button" owner="SeleniumLibrary">
<msg time="2026-01-05T10:54:59.608174" level="INFO">Clicking button 'xpath=//button[@type='submit']'.</msg>
<arg>${login_button}</arg>
<doc>Clicks the button identified by ``locator``.</doc>
<status status="PASS" start="2026-01-05T10:54:59.607868" elapsed="0.088406"/>
</kw>
<arg>${USERNAME}</arg>
<arg>${PASSWORD}</arg>
<status status="PASS" start="2026-01-05T10:54:58.387719" elapsed="1.308716"/>
</kw>
<kw name="Sleep" owner="BuiltIn">
<msg time="2026-01-05T10:55:01.697127" level="INFO">Slept 2 seconds.</msg>
<arg>2s</arg>
<doc>Pauses the test executed for the given time.</doc>
<status status="PASS" start="2026-01-05T10:54:59.696580" elapsed="2.000764"/>
</kw>
<kw name="Verify Landing on Recruitment Page" owner="RecruitmentPage">
<kw name="Sleep" owner="BuiltIn">
<msg time="2026-01-05T10:55:03.699008" level="INFO">Slept 2 seconds.</msg>
<arg>2s</arg>
<doc>Pauses the test executed for the given time.</doc>
<status status="PASS" start="2026-01-05T10:55:01.698513" elapsed="2.000599"/>
</kw>
<kw name="Wait Until Element Is Visible" owner="SeleniumLibrary">
<arg>${recruitment_header}</arg>
<arg>10s</arg>
<doc>Waits until the element ``locator`` is visible.</doc>
<status status="PASS" start="2026-01-05T10:55:03.699253" elapsed="0.022011"/>
</kw>
<kw name="Click Element Safe" owner="BasePage">
<kw name="Wait Until Element Is Visible" owner="SeleniumLibrary">
<arg>${locator}</arg>
<arg>10s</arg>
<doc>Waits until the element ``locator`` is visible.</doc>
<status status="PASS" start="2026-01-05T10:55:03.721854" elapsed="0.011779"/>
</kw>
<kw name="Click Element" owner="SeleniumLibrary">
<msg time="2026-01-05T10:55:03.733982" level="INFO">Clicking element 'xpath=//span[text()="Recruitment"]'.</msg>
<arg>${locator}</arg>
<doc>Click the element identified by ``locator``.</doc>
<status status="PASS" start="2026-01-05T10:55:03.733797" elapsed="2.269745"/>
</kw>
<arg>${recruitment_header}</arg>
<status status="PASS" start="2026-01-05T10:55:03.721598" elapsed="2.282171"/>
</kw>
<kw name="Wait Until Page Contains Element" owner="SeleniumLibrary">
<arg>${recruitment_page_identifier}</arg>
<arg>10s</arg>
<doc>Waits until the element ``locator`` appears on the current page.</doc>
<status status="PASS" start="2026-01-05T10:55:06.003963" elapsed="1.504817"/>
</kw>
<status status="PASS" start="2026-01-05T10:55:01.697776" elapsed="5.811138"/>
</kw>
<status status="PASS" start="2026-01-05T10:54:58.387515" elapsed="9.121461"/>
</kw>
<arg>${test_flow}</arg>
<doc>Executes the given keyword with the given arguments.</doc>
<status status="PASS" start="2026-01-05T10:54:58.387232" elapsed="9.121798"/>
</kw>
<status status="PASS" start="2026-01-05T10:54:58.387115" elapsed="9.121955"/>
</branch>
<branch type="EXCEPT">
<kw name="Log To Console" owner="BuiltIn">
<arg>❌ Test Failed on ${browser} - Capturing Screenshot</arg>
<doc>Logs the given message to the console.</doc>
<status status="NOT RUN" start="2026-01-05T10:55:07.509235" elapsed="0.000027"/>
</kw>
<kw name="Capture Page Screenshot" owner="SeleniumLibrary">
<arg>${test_flow}_${browser}.png</arg>
<doc>Takes a screenshot of the current page and embeds it into a log file.</doc>
<status status="NOT RUN" start="2026-01-05T10:55:07.509338" elapsed="0.000018"/>
</kw>
<kw name="Fail" owner="BuiltIn">
<arg>Test failed on ${browser}</arg>
<doc>Fails the test with the given message and optionally alters its tags.</doc>
<status status="NOT RUN" start="2026-01-05T10:55:07.509418" elapsed="0.000018"/>
</kw>
<status status="NOT RUN" start="2026-01-05T10:55:07.509126" elapsed="0.000336"/>
</branch>
<branch type="FINALLY">
<kw name="Close Browser" owner="SeleniumLibrary">
<doc>Closes the current browser.</doc>
<status status="PASS" start="2026-01-05T10:55:07.509554" elapsed="3.046038"/>
</kw>
<status status="PASS" start="2026-01-05T10:55:07.509499" elapsed="3.046198"/>
</branch>
<status status="PASS" start="2026-01-05T10:54:58.387077" elapsed="12.168667"/>
</try>
<var name="${browser}">chrome</var>
<status status="PASS" start="2026-01-05T10:54:50.273127" elapsed="20.282643"/>
</iter>
<iter>
<kw name="Log To Console" owner="BuiltIn">
<arg>\n\n===== Running ${test_flow} on ${browser} =====</arg>
<doc>Logs the given message to the console.</doc>
<status status="PASS" start="2026-01-05T10:55:10.556114" elapsed="0.000396"/>
</kw>
<kw name="Open Browser" owner="SeleniumLibrary">
<msg time="2026-01-05T10:55:10.557024" level="INFO">Opening browser 'firefox' to base url 'https://opensource-demo.orangehrmlive.com'.</msg>
<arg>${URL}</arg>
<arg>${browser}</arg>
<doc>Opens a new browser instance to the optional ``url``.</doc>
<status status="PASS" start="2026-01-05T10:55:10.556790" elapsed="13.338530"/>
</kw>
<kw name="Maximize Browser Window" owner="SeleniumLibrary">
<doc>Maximizes current browser window.</doc>
<status status="PASS" start="2026-01-05T10:55:23.895591" elapsed="0.003105"/>
</kw>
<try>
<branch type="TRY">
<kw name="Run Keyword" owner="BuiltIn">
<kw name="Navigate To Recruitment Page Flow">
<kw name="Login To OrangeHRM" owner="LoginPage">
<kw name="Wait Until Element Is Visible" owner="SeleniumLibrary">
<arg>${username_field}</arg>
<arg>10s</arg>
<doc>Waits until the element ``locator`` is visible.</doc>
<status status="PASS" start="2026-01-05T10:55:23.899633" elapsed="1.065087"/>
</kw>
<kw name="Input Text" owner="SeleniumLibrary">
<msg time="2026-01-05T10:55:24.965366" level="INFO">Typing text 'Admin' into text field 'name=username'.</msg>
<arg>${username_field}</arg>
<arg>${username}</arg>
<doc>Types the given ``text`` into the text field identified by ``locator``.</doc>
<status status="PASS" start="2026-01-05T10:55:24.964988" elapsed="0.048669"/>
</kw>
<kw name="Input Text" owner="SeleniumLibrary">
<msg time="2026-01-05T10:55:25.014319" level="INFO">Typing text 'admin123' into text field 'name=password'.</msg>
<arg>${password_field}</arg>
<arg>${password}</arg>
<doc>Types the given ``text`` into the text field identified by ``locator``.</doc>
<status status="PASS" start="2026-01-05T10:55:25.013947" elapsed="0.029414"/>
</kw>
<kw name="Click Button" owner="SeleniumLibrary">
<msg time="2026-01-05T10:55:25.043822" level="INFO">Clicking button 'xpath=//button[@type='submit']'.</msg>
<arg>${login_button}</arg>
<doc>Clicks the button identified by ``locator``.</doc>
<status status="PASS" start="2026-01-05T10:55:25.043598" elapsed="2.737089"/>
</kw>
<arg>${USERNAME}</arg>
<arg>${PASSWORD}</arg>
<status status="PASS" start="2026-01-05T10:55:23.899424" elapsed="3.881371"/>
</kw>
<kw name="Sleep" owner="BuiltIn">
<msg time="2026-01-05T10:55:29.781603" level="INFO">Slept 2 seconds.</msg>
<arg>2s</arg>
<doc>Pauses the test executed for the given time.</doc>
<status status="PASS" start="2026-01-05T10:55:27.780927" elapsed="2.000800"/>
</kw>
<kw name="Verify Landing on Recruitment Page" owner="RecruitmentPage">
<kw name="Sleep" owner="BuiltIn">
<msg time="2026-01-05T10:55:31.782560" level="INFO">Slept 2 seconds.</msg>
<arg>2s</arg>
<doc>Pauses the test executed for the given time.</doc>
<status status="PASS" start="2026-01-05T10:55:29.782234" elapsed="2.000444"/>
</kw>
<kw name="Wait Until Element Is Visible" owner="SeleniumLibrary">
<arg>${recruitment_header}</arg>
<arg>10s</arg>
<doc>Waits until the element ``locator`` is visible.</doc>
<status status="PASS" start="2026-01-05T10:55:31.782888" elapsed="0.015041"/>
</kw>
<kw name="Click Element Safe" owner="BasePage">
<kw name="Wait Until Element Is Visible" owner="SeleniumLibrary">
<arg>${locator}</arg>
<arg>10s</arg>
<doc>Waits until the element ``locator`` is visible.</doc>
<status status="PASS" start="2026-01-05T10:55:31.798833" elapsed="0.011329"/>
</kw>
<kw name="Click Element" owner="SeleniumLibrary">
<msg time="2026-01-05T10:55:31.810493" level="INFO">Clicking element 'xpath=//span[text()="Recruitment"]'.</msg>
<arg>${locator}</arg>
<doc>Click the element identified by ``locator``.</doc>
<status status="PASS" start="2026-01-05T10:55:31.810319" elapsed="1.917356"/>
</kw>
<arg>${recruitment_header}</arg>
<status status="PASS" start="2026-01-05T10:55:31.798321" elapsed="1.929446"/>
</kw>
<kw name="Wait Until Page Contains Element" owner="SeleniumLibrary">
<arg>${recruitment_page_identifier}</arg>
<arg>10s</arg>
<doc>Waits until the element ``locator`` appears on the current page.</doc>
<status status="PASS" start="2026-01-05T10:55:33.727882" elapsed="0.878225"/>
</kw>
<status status="PASS" start="2026-01-05T10:55:29.781950" elapsed="4.824267"/>
</kw>
<status status="PASS" start="2026-01-05T10:55:23.899233" elapsed="10.707036"/>
</kw>
<arg>${test_flow}</arg>
<doc>Executes the given keyword with the given arguments.</doc>
<status status="PASS" start="2026-01-05T10:55:23.898958" elapsed="10.707353"/>
</kw>
<status status="PASS" start="2026-01-05T10:55:23.898839" elapsed="10.707506"/>
</branch>
<branch type="EXCEPT">
<kw name="Log To Console" owner="BuiltIn">
<arg>❌ Test Failed on ${browser} - Capturing Screenshot</arg>
<doc>Logs the given message to the console.</doc>
<status status="NOT RUN" start="2026-01-05T10:55:34.606527" elapsed="0.000022"/>
</kw>
<kw name="Capture Page Screenshot" owner="SeleniumLibrary">
<arg>${test_flow}_${browser}.png</arg>
<doc>Takes a screenshot of the current page and embeds it into a log file.</doc>
<status status="NOT RUN" start="2026-01-05T10:55:34.606651" elapsed="0.000020"/>
</kw>
<kw name="Fail" owner="BuiltIn">
<arg>Test failed on ${browser}</arg>
<doc>Fails the test with the given message and optionally alters its tags.</doc>
<status status="NOT RUN" start="2026-01-05T10:55:34.606736" elapsed="0.000017"/>
</kw>
<status status="NOT RUN" start="2026-01-05T10:55:34.606416" elapsed="0.000376"/>
</branch>
<branch type="FINALLY">
<kw name="Close Browser" owner="SeleniumLibrary">
<doc>Closes the current browser.</doc>
<status status="PASS" start="2026-01-05T10:55:34.606893" elapsed="5.612831"/>
</kw>
<status status="PASS" start="2026-01-05T10:55:34.606834" elapsed="5.612987"/>
</branch>
<status status="PASS" start="2026-01-05T10:55:23.898803" elapsed="16.321248"/>
</try>
<var name="${browser}">firefox</var>
<status status="PASS" start="2026-01-05T10:55:10.555994" elapsed="29.664108"/>
</iter>
<iter>
<kw name="Log To Console" owner="BuiltIn">
<arg>\n\n===== Running ${test_flow} on ${browser} =====</arg>
<doc>Logs the given message to the console.</doc>
<status status="PASS" start="2026-01-05T10:55:40.220470" elapsed="0.000564"/>
</kw>
<kw name="Open Browser" owner="SeleniumLibrary">
<msg time="2026-01-05T10:55:40.221389" level="INFO">Opening browser 'edge' to base url 'https://opensource-demo.orangehrmlive.com'.</msg>
<msg time="2026-01-05T10:55:41.369410" level="WARN">There was an error managing msedgedriver (error sending request for url (https://msedgedriver.azureedge.net/LATEST_RELEASE_143_WINDOWS)); using driver found in the cache</msg>
<arg>${URL}</arg>
<arg>${browser}</arg>
<doc>Opens a new browser instance to the optional ``url``.</doc>
<status status="PASS" start="2026-01-05T10:55:40.221205" elapsed="8.751618"/>
</kw>
<kw name="Maximize Browser Window" owner="SeleniumLibrary">
<doc>Maximizes current browser window.</doc>
<status status="PASS" start="2026-01-05T10:55:48.973122" elapsed="0.039200"/>
</kw>
<try>
<branch type="TRY">
<kw name="Run Keyword" owner="BuiltIn">
<kw name="Navigate To Recruitment Page Flow">
<kw name="Login To OrangeHRM" owner="LoginPage">
<kw name="Wait Until Element Is Visible" owner="SeleniumLibrary">
<arg>${username_field}</arg>
<arg>10s</arg>
<doc>Waits until the element ``locator`` is visible.</doc>
<status status="PASS" start="2026-01-05T10:55:49.013252" elapsed="0.873537"/>
</kw>
<kw name="Input Text" owner="SeleniumLibrary">
<msg time="2026-01-05T10:55:49.888393" level="INFO">Typing text 'Admin' into text field 'name=username'.</msg>
<arg>${username_field}</arg>
<arg>${username}</arg>
<doc>Types the given ``text`` into the text field identified by ``locator``.</doc>
<status status="PASS" start="2026-01-05T10:55:49.887150" elapsed="0.090731"/>
</kw>
<kw name="Input Text" owner="SeleniumLibrary">
<msg time="2026-01-05T10:55:49.978321" level="INFO">Typing text 'admin123' into text field 'name=password'.</msg>
<arg>${password_field}</arg>
<arg>${password}</arg>
<doc>Types the given ``text`` into the text field identified by ``locator``.</doc>
<status status="PASS" start="2026-01-05T10:55:49.978069" elapsed="0.070084"/>
</kw>
<kw name="Click Button" owner="SeleniumLibrary">
<msg time="2026-01-05T10:55:50.048564" level="INFO">Clicking button 'xpath=//button[@type='submit']'.</msg>
<arg>${login_button}</arg>
<doc>Clicks the button identified by ``locator``.</doc>
<status status="PASS" start="2026-01-05T10:55:50.048319" elapsed="5.561683"/>
</kw>
<arg>${USERNAME}</arg>
<arg>${PASSWORD}</arg>
<status status="PASS" start="2026-01-05T10:55:49.013050" elapsed="6.597146"/>
</kw>
<kw name="Sleep" owner="BuiltIn">
<msg time="2026-01-05T10:55:57.610871" level="INFO">Slept 2 seconds.</msg>
<arg>2s</arg>
<doc>Pauses the test executed for the given time.</doc>
<status status="PASS" start="2026-01-05T10:55:55.610429" elapsed="2.000589"/>
</kw>
<kw name="Verify Landing on Recruitment Page" owner="RecruitmentPage">
<kw name="Sleep" owner="BuiltIn">
<msg time="2026-01-05T10:55:59.612184" level="INFO">Slept 2 seconds.</msg>
<arg>2s</arg>
<doc>Pauses the test executed for the given time.</doc>
<status status="PASS" start="2026-01-05T10:55:57.611595" elapsed="2.000708"/>
</kw>
<kw name="Wait Until Element Is Visible" owner="SeleniumLibrary">
<arg>${recruitment_header}</arg>
<arg>10s</arg>
<doc>Waits until the element ``locator`` is visible.</doc>
<status status="PASS" start="2026-01-05T10:55:59.612470" elapsed="0.027315"/>
</kw>
<kw name="Click Element Safe" owner="BasePage">
<kw name="Wait Until Element Is Visible" owner="SeleniumLibrary">
<arg>${locator}</arg>
<arg>10s</arg>
<doc>Waits until the element ``locator`` is visible.</doc>
<status status="PASS" start="2026-01-05T10:55:59.640269" elapsed="0.019928"/>
</kw>
<kw name="Click Element" owner="SeleniumLibrary">
<msg time="2026-01-05T10:55:59.660560" level="INFO">Clicking element 'xpath=//span[text()="Recruitment"]'.</msg>
<arg>${locator}</arg>
<doc>Click the element identified by ``locator``.</doc>
<status status="PASS" start="2026-01-05T10:55:59.660367" elapsed="4.430418"/>
</kw>
<arg>${recruitment_header}</arg>
<status status="PASS" start="2026-01-05T10:55:59.639983" elapsed="4.450962"/>
</kw>
<kw name="Wait Until Page Contains Element" owner="SeleniumLibrary">
<arg>${recruitment_page_identifier}</arg>
<arg>10s</arg>
<doc>Waits until the element ``locator`` appears on the current page.</doc>
<status status="PASS" start="2026-01-05T10:56:04.091155" elapsed="1.919508"/>
</kw>
<status status="PASS" start="2026-01-05T10:55:57.611290" elapsed="8.399478"/>
</kw>
<status status="PASS" start="2026-01-05T10:55:49.012856" elapsed="16.997954"/>
</kw>
<arg>${test_flow}</arg>
<doc>Executes the given keyword with the given arguments.</doc>
<status status="PASS" start="2026-01-05T10:55:49.012567" elapsed="16.998278"/>
</kw>
<status status="PASS" start="2026-01-05T10:55:49.012456" elapsed="16.998420"/>
</branch>
<branch type="EXCEPT">
<kw name="Log To Console" owner="BuiltIn">
<arg>❌ Test Failed on ${browser} - Capturing Screenshot</arg>
<doc>Logs the given message to the console.</doc>
<status status="NOT RUN" start="2026-01-05T10:56:06.011036" elapsed="0.000024"/>
</kw>
<kw name="Capture Page Screenshot" owner="SeleniumLibrary">
<arg>${test_flow}_${browser}.png</arg>
<doc>Takes a screenshot of the current page and embeds it into a log file.</doc>
<status status="NOT RUN" start="2026-01-05T10:56:06.011139" elapsed="0.000019"/>
</kw>
<kw name="Fail" owner="BuiltIn">
<arg>Test failed on ${browser}</arg>
<doc>Fails the test with the given message and optionally alters its tags.</doc>
<status status="NOT RUN" start="2026-01-05T10:56:06.011218" elapsed="0.000018"/>
</kw>
<status status="NOT RUN" start="2026-01-05T10:56:06.010933" elapsed="0.000330"/>
</branch>
<branch type="FINALLY">
<kw name="Close Browser" owner="SeleniumLibrary">
<doc>Closes the current browser.</doc>
<status status="PASS" start="2026-01-05T10:56:06.011361" elapsed="3.502943"/>
</kw>
<status status="PASS" start="2026-01-05T10:56:06.011302" elapsed="3.503095"/>
</branch>
<status status="PASS" start="2026-01-05T10:55:49.012420" elapsed="20.502014"/>
</try>
<var name="${browser}">edge</var>
<status status="PASS" start="2026-01-05T10:55:40.220340" elapsed="29.294118"/>
</iter>
<var>${browser}</var>
<value>@{BROWSERS}</value>
<status status="PASS" start="2026-01-05T10:54:50.272887" elapsed="79.241612"/>
</for>
<arg>Navigate To Recruitment Page Flow</arg>
<status status="PASS" start="2026-01-05T10:54:50.272676" elapsed="79.241899"/>
</kw>
<status status="PASS" start="2026-01-05T10:54:50.272016" elapsed="79.243055"/>
</test>
<status status="PASS" start="2026-01-05T10:54:50.264270" elapsed="79.251632"/>
</suite>
<suite id="s1-s5" name="ValidLoginAndDashboardVerification" source="C:\Users\Aniket\Desktop\RobotStart\tests\ValidLoginAndDashboardVerification.Robot">
<test id="s1-s5-t1" name="TC01 - Valid Login And Dashboard Verification" line="12">
<kw name="Run On All Browsers" owner="browser_keywords">
<for flavor="IN">
<iter>
<kw name="Log To Console" owner="BuiltIn">
<arg>\n\n===== Running ${test_flow} on ${browser} =====</arg>
<doc>Logs the given message to the console.</doc>
<status status="PASS" start="2026-01-05T10:56:09.525896" elapsed="0.000509"/>
</kw>
<kw name="Open Browser" owner="SeleniumLibrary">
<msg time="2026-01-05T10:56:09.526797" level="INFO">Opening browser 'chrome' to base url 'https://opensource-demo.orangehrmlive.com'.</msg>
<arg>${URL}</arg>
<arg>${browser}</arg>
<doc>Opens a new browser instance to the optional ``url``.</doc>
<status status="PASS" start="2026-01-05T10:56:09.526598" elapsed="8.599909"/>
</kw>
<kw name="Maximize Browser Window" owner="SeleniumLibrary">
<doc>Maximizes current browser window.</doc>
<status status="PASS" start="2026-01-05T10:56:18.126798" elapsed="0.038062"/>
</kw>
<try>
<branch type="TRY">
<kw name="Run Keyword" owner="BuiltIn">
<kw name="Valid Login Flow">
<kw name="Login To OrangeHRM" owner="LoginPage">
<kw name="Wait Until Element Is Visible" owner="SeleniumLibrary">
<arg>${username_field}</arg>
<arg>10s</arg>
<doc>Waits until the element ``locator`` is visible.</doc>
<status status="PASS" start="2026-01-05T10:56:18.166502" elapsed="0.661774"/>
</kw>
<kw name="Input Text" owner="SeleniumLibrary">
<msg time="2026-01-05T10:56:18.828906" level="INFO">Typing text 'Admin' into text field 'name=username'.</msg>
<arg>${username_field}</arg>
<arg>${username}</arg>
<doc>Types the given ``text`` into the text field identified by ``locator``.</doc>
<status status="PASS" start="2026-01-05T10:56:18.828579" elapsed="0.081865"/>
</kw>
<kw name="Input Text" owner="SeleniumLibrary">
<msg time="2026-01-05T10:56:18.911002" level="INFO">Typing text 'admin123' into text field 'name=password'.</msg>
<arg>${password_field}</arg>
<arg>${password}</arg>
<doc>Types the given ``text`` into the text field identified by ``locator``.</doc>
<status status="PASS" start="2026-01-05T10:56:18.910713" elapsed="0.087529"/>
</kw>
<kw name="Click Button" owner="SeleniumLibrary">
<msg time="2026-01-05T10:56:18.998804" level="INFO">Clicking button 'xpath=//button[@type='submit']'.</msg>
<arg>${login_button}</arg>
<doc>Clicks the button identified by ``locator``.</doc>
<status status="PASS" start="2026-01-05T10:56:18.998495" elapsed="0.064980"/>
</kw>
<arg>${USERNAME}</arg>
<arg>${PASSWORD}</arg>
<status status="PASS" start="2026-01-05T10:56:18.166247" elapsed="0.897770"/>
</kw>
<kw name="Sleep" owner="BuiltIn">
<msg time="2026-01-05T10:56:21.064936" level="INFO">Slept 2 seconds.</msg>
<arg>2s</arg>
<doc>Pauses the test executed for the given time.</doc>
<status status="PASS" start="2026-01-05T10:56:19.064185" elapsed="2.000875"/>
</kw>
<kw name="Verify Dashboard Is Visible" owner="DashboardPage">
<kw name="Wait Until Element Is Visible" owner="SeleniumLibrary">
<arg>${dashboard_header}</arg>
<arg>10s</arg>
<doc>Waits until the element ``locator`` is visible.</doc>
<status status="PASS" start="2026-01-05T10:56:21.065567" elapsed="0.446456"/>
</kw>
<status status="PASS" start="2026-01-05T10:56:21.065295" elapsed="0.446872"/>
</kw>
<status status="PASS" start="2026-01-05T10:56:18.165862" elapsed="3.346358"/>
</kw>
<arg>${test_flow}</arg>
<doc>Executes the given keyword with the given arguments.</doc>
<status status="PASS" start="2026-01-05T10:56:18.165468" elapsed="3.346797"/>
</kw>
<status status="PASS" start="2026-01-05T10:56:18.165279" elapsed="3.347019"/>
</branch>
<branch type="EXCEPT">
<kw name="Log To Console" owner="BuiltIn">
<arg>❌ Test Failed on ${browser} - Capturing Screenshot</arg>
<doc>Logs the given message to the console.</doc>
<status status="NOT RUN" start="2026-01-05T10:56:21.512486" elapsed="0.000027"/>
</kw>
<kw name="Capture Page Screenshot" owner="SeleniumLibrary">
<arg>${test_flow}_${browser}.png</arg>
<doc>Takes a screenshot of the current page and embeds it into a log file.</doc>
<status status="NOT RUN" start="2026-01-05T10:56:21.512606" elapsed="0.000022"/>
</kw>
<kw name="Fail" owner="BuiltIn">
<arg>Test failed on ${browser}</arg>
<doc>Fails the test with the given message and optionally alters its tags.</doc>
<status status="NOT RUN" start="2026-01-05T10:56:21.512698" elapsed="0.000020"/>
</kw>
<status status="NOT RUN" start="2026-01-05T10:56:21.512360" elapsed="0.000388"/>
</branch>
<branch type="FINALLY">
<kw name="Close Browser" owner="SeleniumLibrary">
<doc>Closes the current browser.</doc>
<status status="PASS" start="2026-01-05T10:56:21.512855" elapsed="2.988091"/>
</kw>
<status status="PASS" start="2026-01-05T10:56:21.512791" elapsed="2.988240"/>
</branch>
<status status="PASS" start="2026-01-05T10:56:18.165216" elapsed="6.335853"/>
</try>
<var name="${browser}">chrome</var>
<status status="PASS" start="2026-01-05T10:56:09.525764" elapsed="14.975332"/>
</iter>
<iter>
<kw name="Log To Console" owner="BuiltIn">
<arg>\n\n===== Running ${test_flow} on ${browser} =====</arg>
<doc>Logs the given message to the console.</doc>
<status status="PASS" start="2026-01-05T10:56:24.501383" elapsed="0.000774"/>
</kw>
<kw name="Open Browser" owner="SeleniumLibrary">
<msg time="2026-01-05T10:56:24.502929" level="INFO">Opening browser 'firefox' to base url 'https://opensource-demo.orangehrmlive.com'.</msg>
<arg>${URL}</arg>
<arg>${browser}</arg>
<doc>Opens a new browser instance to the optional ``url``.</doc>
<status status="PASS" start="2026-01-05T10:56:24.502523" elapsed="13.596452"/>
</kw>
<kw name="Maximize Browser Window" owner="SeleniumLibrary">
<doc>Maximizes current browser window.</doc>
<status status="PASS" start="2026-01-05T10:56:38.099270" elapsed="0.007293"/>
</kw>
<try>
<branch type="TRY">
<kw name="Run Keyword" owner="BuiltIn">
<kw name="Valid Login Flow">
<kw name="Login To OrangeHRM" owner="LoginPage">
<kw name="Wait Until Element Is Visible" owner="SeleniumLibrary">
<arg>${username_field}</arg>
<arg>10s</arg>
<doc>Waits until the element ``locator`` is visible.</doc>
<status status="PASS" start="2026-01-05T10:56:38.107918" elapsed="1.887440"/>
</kw>
<kw name="Input Text" owner="SeleniumLibrary">
<msg time="2026-01-05T10:56:39.995910" level="INFO">Typing text 'Admin' into text field 'name=username'.</msg>
<arg>${username_field}</arg>
<arg>${username}</arg>
<doc>Types the given ``text`` into the text field identified by ``locator``.</doc>
<status status="PASS" start="2026-01-05T10:56:39.995606" elapsed="0.046724"/>
</kw>
<kw name="Input Text" owner="SeleniumLibrary">
<msg time="2026-01-05T10:56:40.043404" level="INFO">Typing text 'admin123' into text field 'name=password'.</msg>
<arg>${password_field}</arg>
<arg>${password}</arg>
<doc>Types the given ``text`` into the text field identified by ``locator``.</doc>
<status status="PASS" start="2026-01-05T10:56:40.042700" elapsed="0.025463"/>
</kw>
<kw name="Click Button" owner="SeleniumLibrary">
<msg time="2026-01-05T10:56:40.068721" level="INFO">Clicking button 'xpath=//button[@type='submit']'.</msg>
<arg>${login_button}</arg>
<doc>Clicks the button identified by ``locator``.</doc>
<status status="PASS" start="2026-01-05T10:56:40.068425" elapsed="3.518168"/>
</kw>
<arg>${USERNAME}</arg>
<arg>${PASSWORD}</arg>
<status status="PASS" start="2026-01-05T10:56:38.107563" elapsed="5.479157"/>
</kw>
<kw name="Sleep" owner="BuiltIn">
<msg time="2026-01-05T10:56:45.587185" level="INFO">Slept 2 seconds.</msg>
<arg>2s</arg>
<doc>Pauses the test executed for the given time.</doc>
<status status="PASS" start="2026-01-05T10:56:43.586838" elapsed="2.000506"/>
</kw>
<kw name="Verify Dashboard Is Visible" owner="DashboardPage">
<kw name="Wait Until Element Is Visible" owner="SeleniumLibrary">
<arg>${dashboard_header}</arg>
<arg>10s</arg>
<doc>Waits until the element ``locator`` is visible.</doc>
<status status="PASS" start="2026-01-05T10:56:45.587889" elapsed="0.012389"/>
</kw>
<status status="PASS" start="2026-01-05T10:56:45.587628" elapsed="0.012747"/>
</kw>
<status status="PASS" start="2026-01-05T10:56:38.107304" elapsed="7.493112"/>
</kw>
<arg>${test_flow}</arg>
<doc>Executes the given keyword with the given arguments.</doc>
<status status="PASS" start="2026-01-05T10:56:38.106944" elapsed="7.493507"/>
</kw>
<status status="PASS" start="2026-01-05T10:56:38.106775" elapsed="7.493706"/>
</branch>
<branch type="EXCEPT">
<kw name="Log To Console" owner="BuiltIn">
<arg>❌ Test Failed on ${browser} - Capturing Screenshot</arg>
[...]
<doc>Maximizes current browser window.</doc>
<status status="PASS" start="2026-01-05T10:58:30.223558" elapsed="0.031363"/>
</kw>
<try>
<branch type="TRY">
<kw name="Run Keyword" owner="BuiltIn">
<kw name="Click on Admin Header">
<kw name="Login To OrangeHRM" owner="LoginPage">
<kw name="Wait Until Element Is Visible" owner="SeleniumLibrary">
<arg>${username_field}</arg>
<arg>10s</arg>
<doc>Waits until the element ``locator`` is visible.</doc>
<status status="PASS" start="2026-01-05T10:58:30.255903" elapsed="1.314448"/>
</kw>
<kw name="Input Text" owner="SeleniumLibrary">
<msg time="2026-01-05T10:58:31.571152" level="INFO">Typing text 'Admin' into text field 'name=username'.</msg>
<arg>${username_field}</arg>
<arg>${username}</arg>
<doc>Types the given ``text`` into the text field identified by ``locator``.</doc>
<status status="PASS" start="2026-01-05T10:58:31.570644" elapsed="0.102607"/>
</kw>
<kw name="Input Text" owner="SeleniumLibrary">
<msg time="2026-01-05T10:58:31.673852" level="INFO">Typing text 'admin123' into text field 'name=password'.</msg>
<arg>${password_field}</arg>
<arg>${password}</arg>
<doc>Types the given ``text`` into the text field identified by ``locator``.</doc>
<status status="PASS" start="2026-01-05T10:58:31.673516" elapsed="0.083097"/>
</kw>
<kw name="Click Button" owner="SeleniumLibrary">
<msg time="2026-01-05T10:58:31.757345" level="INFO">Clicking button 'xpath=//button[@type='submit']'.</msg>
<arg>${login_button}</arg>
<doc>Clicks the button identified by ``locator``.</doc>
<status status="PASS" start="2026-01-05T10:58:31.756930" elapsed="3.466173"/>
</kw>
<arg>${USERNAME}</arg>
<arg>${PASSWORD}</arg>
<status status="PASS" start="2026-01-05T10:58:30.255665" elapsed="4.967577"/>
</kw>
<kw name="Sleep" owner="BuiltIn">
<msg time="2026-01-05T10:58:40.224183" level="INFO">Slept 5 seconds.</msg>
<arg>5s</arg>
<doc>Pauses the test executed for the given time.</doc>
<status status="PASS" start="2026-01-05T10:58:35.223484" elapsed="5.000927"/>
</kw>
<kw name="Verify Landing on Admin Page" owner="AdminPage">
<kw name="Wait Until Element Is Visible" owner="SeleniumLibrary">
<arg>${admin_header}</arg>
<arg>10s</arg>
<doc>Waits until the element ``locator`` is visible.</doc>
<status status="PASS" start="2026-01-05T10:58:40.225357" elapsed="0.025327"/>
</kw>
<kw name="Click Element Safe" owner="BasePage">
<kw name="Wait Until Element Is Visible" owner="SeleniumLibrary">
<arg>${locator}</arg>
<arg>10s</arg>
<doc>Waits until the element ``locator`` is visible.</doc>
<status status="PASS" start="2026-01-05T10:58:40.251141" elapsed="0.011527"/>
</kw>
<kw name="Click Element" owner="SeleniumLibrary">
<msg time="2026-01-05T10:58:40.263027" level="INFO">Clicking element 'xpath=//span[text()="Admin"]'.</msg>
<arg>${locator}</arg>
<doc>Click the element identified by ``locator``.</doc>
<status status="PASS" start="2026-01-05T10:58:40.262835" elapsed="1.420492"/>
</kw>
<arg>${admin_header}</arg>
<status status="PASS" start="2026-01-05T10:58:40.250882" elapsed="1.432549"/>
</kw>
<kw name="Wait Until Page Contains Element" owner="SeleniumLibrary">
<arg>${admin_page_identifier}</arg>
<arg>10s</arg>
<doc>Waits until the element ``locator`` appears on the current page.</doc>
<status status="PASS" start="2026-01-05T10:58:41.683566" elapsed="0.645316"/>
</kw>
<status status="PASS" start="2026-01-05T10:58:40.224844" elapsed="2.104139"/>
</kw>
<status status="PASS" start="2026-01-05T10:58:30.255455" elapsed="12.073572"/>
</kw>
<arg>${test_flow}</arg>
<doc>Executes the given keyword with the given arguments.</doc>
<status status="PASS" start="2026-01-05T10:58:30.255178" elapsed="12.073885"/>
</kw>
<status status="PASS" start="2026-01-05T10:58:30.255056" elapsed="12.074039"/>
</branch>
<branch type="EXCEPT">
<kw name="Log To Console" owner="BuiltIn">
<arg>❌ Test Failed on ${browser} - Capturing Screenshot</arg>
<doc>Logs the given message to the console.</doc>
<status status="NOT RUN" start="2026-01-05T10:58:42.329265" elapsed="0.000025"/>
</kw>
<kw name="Capture Page Screenshot" owner="SeleniumLibrary">
<arg>${test_flow}_${browser}.png</arg>
<doc>Takes a screenshot of the current page and embeds it into a log file.</doc>
<status status="NOT RUN" start="2026-01-05T10:58:42.329375" elapsed="0.000020"/>
</kw>
<kw name="Fail" owner="BuiltIn">
<arg>Test failed on ${browser}</arg>
<doc>Fails the test with the given message and optionally alters its tags.</doc>
<status status="NOT RUN" start="2026-01-05T10:58:42.329462" elapsed="0.000019"/>
</kw>
<status status="NOT RUN" start="2026-01-05T10:58:42.329150" elapsed="0.000360"/>
</branch>
<branch type="FINALLY">
<kw name="Close Browser" owner="SeleniumLibrary">
<doc>Closes the current browser.</doc>
<status status="PASS" start="2026-01-05T10:58:42.329612" elapsed="3.352426"/>
</kw>
<status status="PASS" start="2026-01-05T10:58:42.329549" elapsed="3.352568"/>
</branch>
<status status="PASS" start="2026-01-05T10:58:30.255022" elapsed="15.427132"/>
</try>
<var name="${browser}">chrome</var>
<status status="PASS" start="2026-01-05T10:58:21.716127" elapsed="23.966048"/>
</iter>
<iter>
<kw name="Log To Console" owner="BuiltIn">
<arg>\n\n===== Running ${test_flow} on ${browser} =====</arg>
<doc>Logs the given message to the console.</doc>
<status status="PASS" start="2026-01-05T10:58:45.682459" elapsed="0.000473"/>
</kw>
<kw name="Open Browser" owner="SeleniumLibrary">
<msg time="2026-01-05T10:58:45.683553" level="INFO">Opening browser 'firefox' to base url 'https://opensource-demo.orangehrmlive.com'.</msg>
<arg>${URL}</arg>
<arg>${browser}</arg>
<doc>Opens a new browser instance to the optional ``url``.</doc>
<status status="PASS" start="2026-01-05T10:58:45.683132" elapsed="13.131042"/>
</kw>
<kw name="Maximize Browser Window" owner="SeleniumLibrary">
<doc>Maximizes current browser window.</doc>
<status status="PASS" start="2026-01-05T10:58:58.814541" elapsed="0.002959"/>
</kw>
<try>
<branch type="TRY">
<kw name="Run Keyword" owner="BuiltIn">
<kw name="Click on Admin Header">
<kw name="Login To OrangeHRM" owner="LoginPage">
<kw name="Wait Until Element Is Visible" owner="SeleniumLibrary">
<arg>${username_field}</arg>
<arg>10s</arg>
<doc>Waits until the element ``locator`` is visible.</doc>
<status status="PASS" start="2026-01-05T10:58:58.818972" elapsed="1.135907"/>
</kw>
<kw name="Input Text" owner="SeleniumLibrary">
<msg time="2026-01-05T10:58:59.955316" level="INFO">Typing text 'Admin' into text field 'name=username'.</msg>
<arg>${username_field}</arg>
<arg>${username}</arg>
<doc>Types the given ``text`` into the text field identified by ``locator``.</doc>
<status status="PASS" start="2026-01-05T10:58:59.955062" elapsed="0.042072"/>
</kw>
<kw name="Input Text" owner="SeleniumLibrary">
<msg time="2026-01-05T10:58:59.997579" level="INFO">Typing text 'admin123' into text field 'name=password'.</msg>
<arg>${password_field}</arg>
<arg>${password}</arg>
<doc>Types the given ``text`` into the text field identified by ``locator``.</doc>
<status status="PASS" start="2026-01-05T10:58:59.997313" elapsed="0.041304"/>
</kw>
<kw name="Click Button" owner="SeleniumLibrary">
<msg time="2026-01-05T10:59:00.039036" level="INFO">Clicking button 'xpath=//button[@type='submit']'.</msg>
<arg>${login_button}</arg>
<doc>Clicks the button identified by ``locator``.</doc>
<status status="PASS" start="2026-01-05T10:59:00.038811" elapsed="4.177273"/>
</kw>
<arg>${USERNAME}</arg>
<arg>${PASSWORD}</arg>
<status status="PASS" start="2026-01-05T10:58:58.818626" elapsed="5.397562"/>
</kw>
<kw name="Sleep" owner="BuiltIn">
<msg time="2026-01-05T10:59:09.216709" level="INFO">Slept 5 seconds.</msg>
<arg>5s</arg>
<doc>Pauses the test executed for the given time.</doc>
<status status="PASS" start="2026-01-05T10:59:04.216334" elapsed="5.000521"/>
</kw>
<kw name="Verify Landing on Admin Page" owner="AdminPage">
<kw name="Wait Until Element Is Visible" owner="SeleniumLibrary">
<arg>${admin_header}</arg>
<arg>10s</arg>
<doc>Waits until the element ``locator`` is visible.</doc>
<status status="PASS" start="2026-01-05T10:59:09.217463" elapsed="0.013604"/>
</kw>
<kw name="Click Element Safe" owner="BasePage">
<kw name="Wait Until Element Is Visible" owner="SeleniumLibrary">
<arg>${locator}</arg>
<arg>10s</arg>
<doc>Waits until the element ``locator`` is visible.</doc>
<status status="PASS" start="2026-01-05T10:59:09.231492" elapsed="0.011447"/>
</kw>
<kw name="Click Element" owner="SeleniumLibrary">
<msg time="2026-01-05T10:59:09.243280" level="INFO">Clicking element 'xpath=//span[text()="Admin"]'.</msg>
<arg>${locator}</arg>
<doc>Click the element identified by ``locator``.</doc>
<status status="PASS" start="2026-01-05T10:59:09.243099" elapsed="5.556258"/>
</kw>
<arg>${admin_header}</arg>
<status status="PASS" start="2026-01-05T10:59:09.231254" elapsed="5.568364"/>
</kw>
<kw name="Wait Until Page Contains Element" owner="SeleniumLibrary">
<arg>${admin_page_identifier}</arg>
<arg>10s</arg>
<doc>Waits until the element ``locator`` appears on the current page.</doc>
<status status="PASS" start="2026-01-05T10:59:14.799786" elapsed="5.118169"/>
</kw>
<status status="PASS" start="2026-01-05T10:59:09.217130" elapsed="10.700918"/>
</kw>
<status status="PASS" start="2026-01-05T10:58:58.818300" elapsed="21.099789"/>
</kw>
<arg>${test_flow}</arg>
<doc>Executes the given keyword with the given arguments.</doc>
<status status="PASS" start="2026-01-05T10:58:58.817887" elapsed="21.100233"/>
</kw>
<status status="PASS" start="2026-01-05T10:58:58.817712" elapsed="21.100437"/>
</branch>
<branch type="EXCEPT">
<kw name="Log To Console" owner="BuiltIn">
<arg>❌ Test Failed on ${browser} - Capturing Screenshot</arg>
<doc>Logs the given message to the console.</doc>
<status status="NOT RUN" start="2026-01-05T10:59:19.918317" elapsed="0.000023"/>
</kw>
<kw name="Capture Page Screenshot" owner="SeleniumLibrary">
<arg>${test_flow}_${browser}.png</arg>
<doc>Takes a screenshot of the current page and embeds it into a log file.</doc>
<status status="NOT RUN" start="2026-01-05T10:59:19.918420" elapsed="0.000018"/>
</kw>
<kw name="Fail" owner="BuiltIn">
<arg>Test failed on ${browser}</arg>
<doc>Fails the test with the given message and optionally alters its tags.</doc>
<status status="NOT RUN" start="2026-01-05T10:59:19.918503" elapsed="0.000017"/>
</kw>
<status status="NOT RUN" start="2026-01-05T10:59:19.918210" elapsed="0.000336"/>
</branch>
<branch type="FINALLY">
<kw name="Close Browser" owner="SeleniumLibrary">
<doc>Closes the current browser.</doc>
<status status="PASS" start="2026-01-05T10:59:19.918641" elapsed="5.468756"/>
</kw>
<status status="PASS" start="2026-01-05T10:59:19.918584" elapsed="5.468924"/>
</branch>
<status status="PASS" start="2026-01-05T10:58:58.817660" elapsed="26.569889"/>
</try>
<var name="${browser}">firefox</var>
<status status="PASS" start="2026-01-05T10:58:45.682355" elapsed="39.705218"/>
</iter>
<iter>
<kw name="Log To Console" owner="BuiltIn">
<arg>\n\n===== Running ${test_flow} on ${browser} =====</arg>
<doc>Logs the given message to the console.</doc>
<status status="PASS" start="2026-01-05T10:59:25.387932" elapsed="0.000529"/>
</kw>
<kw name="Open Browser" owner="SeleniumLibrary">
<msg time="2026-01-05T10:59:25.388979" level="INFO">Opening browser 'edge' to base url 'https://opensource-demo.orangehrmlive.com'.</msg>
<msg time="2026-01-05T10:59:26.630658" level="WARN">There was an error managing msedgedriver (error sending request for url (https://msedgedriver.azureedge.net/LATEST_RELEASE_143_WINDOWS)); using driver found in the cache</msg>
<arg>${URL}</arg>
<arg>${browser}</arg>
<doc>Opens a new browser instance to the optional ``url``.</doc>
<status status="PASS" start="2026-01-05T10:59:25.388714" elapsed="10.448624"/>
</kw>
<kw name="Maximize Browser Window" owner="SeleniumLibrary">
<doc>Maximizes current browser window.</doc>
<status status="PASS" start="2026-01-05T10:59:35.837583" elapsed="0.041023"/>
</kw>
<try>
<branch type="TRY">
<kw name="Run Keyword" owner="BuiltIn">
<kw name="Click on Admin Header">
<kw name="Login To OrangeHRM" owner="LoginPage">
<kw name="Wait Until Element Is Visible" owner="SeleniumLibrary">
<arg>${username_field}</arg>
<arg>10s</arg>
<doc>Waits until the element ``locator`` is visible.</doc>
<status status="PASS" start="2026-01-05T10:59:35.879747" elapsed="4.944503"/>
</kw>
<kw name="Input Text" owner="SeleniumLibrary">
<msg time="2026-01-05T10:59:40.824644" level="INFO">Typing text 'Admin' into text field 'name=username'.</msg>
<arg>${username_field}</arg>
<arg>${username}</arg>
<doc>Types the given ``text`` into the text field identified by ``locator``.</doc>
<status status="PASS" start="2026-01-05T10:59:40.824422" elapsed="0.114306"/>
</kw>
<kw name="Input Text" owner="SeleniumLibrary">
<msg time="2026-01-05T10:59:40.939280" level="INFO">Typing text 'admin123' into text field 'name=password'.</msg>
<arg>${password_field}</arg>
<arg>${password}</arg>
<doc>Types the given ``text`` into the text field identified by ``locator``.</doc>
<status status="PASS" start="2026-01-05T10:59:40.939016" elapsed="0.074402"/>
</kw>
<kw name="Click Button" owner="SeleniumLibrary">
<msg time="2026-01-05T10:59:41.014008" level="INFO">Clicking button 'xpath=//button[@type='submit']'.</msg>
<arg>${login_button}</arg>
<doc>Clicks the button identified by ``locator``.</doc>
<status status="PASS" start="2026-01-05T10:59:41.013707" elapsed="8.444783"/>
</kw>
<arg>${USERNAME}</arg>
<arg>${PASSWORD}</arg>
<status status="PASS" start="2026-01-05T10:59:35.879356" elapsed="13.579288"/>
</kw>
<kw name="Sleep" owner="BuiltIn">
<msg time="2026-01-05T10:59:54.459441" level="INFO">Slept 5 seconds.</msg>
<arg>5s</arg>
<doc>Pauses the test executed for the given time.</doc>
<status status="PASS" start="2026-01-05T10:59:49.458827" elapsed="5.000727"/>
</kw>
<kw name="Verify Landing on Admin Page" owner="AdminPage">
<kw name="Wait Until Element Is Visible" owner="SeleniumLibrary">
<arg>${admin_header}</arg>
<arg>10s</arg>
<doc>Waits until the element ``locator`` is visible.</doc>
<status status="PASS" start="2026-01-05T10:59:54.460012" elapsed="0.022472"/>
</kw>
<kw name="Click Element Safe" owner="BasePage">
<kw name="Wait Until Element Is Visible" owner="SeleniumLibrary">
<arg>${locator}</arg>
<arg>10s</arg>
<doc>Waits until the element ``locator`` is visible.</doc>
<status status="PASS" start="2026-01-05T10:59:54.482949" elapsed="0.016308"/>
</kw>
<kw name="Click Element" owner="SeleniumLibrary">
<msg time="2026-01-05T10:59:54.499615" level="INFO">Clicking element 'xpath=//span[text()="Admin"]'.</msg>
<arg>${locator}</arg>
<doc>Click the element identified by ``locator``.</doc>
<status status="PASS" start="2026-01-05T10:59:54.499425" elapsed="6.954140"/>
</kw>
<arg>${admin_header}</arg>
<status status="PASS" start="2026-01-05T10:59:54.482679" elapsed="6.971054"/>
</kw>
<kw name="Wait Until Page Contains Element" owner="SeleniumLibrary">
<arg>${admin_page_identifier}</arg>
<arg>10s</arg>
<doc>Waits until the element ``locator`` appears on the current page.</doc>
<status status="PASS" start="2026-01-05T11:00:01.453938" elapsed="1.293476"/>
</kw>
<status status="PASS" start="2026-01-05T10:59:54.459756" elapsed="8.287877"/>
</kw>
<status status="PASS" start="2026-01-05T10:59:35.879143" elapsed="26.868537"/>
</kw>
<arg>${test_flow}</arg>
<doc>Executes the given keyword with the given arguments.</doc>
<status status="PASS" start="2026-01-05T10:59:35.878870" elapsed="26.868854"/>
</kw>
<status status="PASS" start="2026-01-05T10:59:35.878746" elapsed="26.869009"/>
</branch>
<branch type="EXCEPT">
<kw name="Log To Console" owner="BuiltIn">
<arg>❌ Test Failed on ${browser} - Capturing Screenshot</arg>
<doc>Logs the given message to the console.</doc>
<status status="NOT RUN" start="2026-01-05T11:00:02.748088" elapsed="0.000031"/>
</kw>
<kw name="Capture Page Screenshot" owner="SeleniumLibrary">
<arg>${test_flow}_${browser}.png</arg>
<doc>Takes a screenshot of the current page and embeds it into a log file.</doc>
<status status="NOT RUN" start="2026-01-05T11:00:02.748232" elapsed="0.000023"/>
</kw>
<kw name="Fail" owner="BuiltIn">
<arg>Test failed on ${browser}</arg>
<doc>Fails the test with the given message and optionally alters its tags.</doc>
<status status="NOT RUN" start="2026-01-05T11:00:02.748329" elapsed="0.000018"/>
</kw>
<status status="NOT RUN" start="2026-01-05T11:00:02.747826" elapsed="0.000550"/>
</branch>
<branch type="FINALLY">
<kw name="Close Browser" owner="SeleniumLibrary">
<doc>Closes the current browser.</doc>
<status status="PASS" start="2026-01-05T11:00:02.748527" elapsed="3.425804"/>
</kw>
<status status="PASS" start="2026-01-05T11:00:02.748434" elapsed="3.425984"/>
</branch>
<status status="PASS" start="2026-01-05T10:59:35.878711" elapsed="30.295884"/>
</try>
<var name="${browser}">edge</var>
<status status="PASS" start="2026-01-05T10:59:25.387780" elapsed="40.786849"/>
</iter>
<var>${browser}</var>
<value>@{BROWSERS}</value>
<status status="PASS" start="2026-01-05T10:58:21.715929" elapsed="104.458755"/>
</for>
<arg>Click on Admin Header</arg>
<status status="PASS" start="2026-01-05T10:58:21.715719" elapsed="104.459049"/>
</kw>
<status status="PASS" start="2026-01-05T10:58:21.715111" elapsed="104.460094"/>
</test>
<status status="PASS" start="2026-01-05T10:58:21.710024" elapsed="104.465887"/>
</suite>
<status status="PASS" start="2026-01-05T10:51:19.076198" elapsed="527.100841"/>
</suite>
<statistics>
<total>
<stat pass="7" fail="0" skip="0">All Tests</stat>
</total>
<tag>
</tag>
<suite>
<stat name="Tests" id="s1" pass="7" fail="0" skip="0">Tests</stat>
<stat name="InvalidLogIn" id="s1-s1" pass="1" fail="0" skip="0">Tests.InvalidLogIn</stat>
<stat name="LogOut" id="s1-s2" pass="1" fail="0" skip="0">Tests.LogOut</stat>
<stat name="NavigateToInfoPage" id="s1-s3" pass="1" fail="0" skip="0">Tests.NavigateToInfoPage</stat>
<stat name="RecruitmentTest" id="s1-s4" pass="1" fail="0" skip="0">Tests.RecruitmentTest</stat>
<stat name="ValidLoginAndDashboardVerification" id="s1-s5" pass="1" fail="0" skip="0">Tests.ValidLoginAndDashboardVerification</stat>
<stat name="VerifyAdminFunction" id="s1-s6" pass="1" fail="0" skip="0">Tests.VerifyAdminFunction</stat>
<stat name="VerifyAdminMenu" id="s1-s7" pass="1" fail="0" skip="0">Tests.VerifyAdminMenu</stat>
</suite>
</statistics>
<errors>
<msg time="2026-01-05T10:52:03.567854" level="WARN">There was an error managing msedgedriver (error sending request for url (https://msedgedriver.azureedge.net/LATEST_RELEASE_143_WINDOWS)); using driver found in the cache</msg>
<msg time="2026-01-05T10:53:11.255637" level="WARN">There was an error managing msedgedriver (error sending request for url (https://msedgedriver.azureedge.net/LATEST_RELEASE_143_WINDOWS)); using driver found in the cache</msg>
<msg time="2026-01-05T10:54:28.532319" level="WARN">There was an error managing msedgedriver (error sending request for url (https://msedgedriver.azureedge.net/LATEST_RELEASE_143_WINDOWS)); using driver found in the cache</msg>
<msg time="2026-01-05T10:55:41.369410" level="WARN">There was an error managing msedgedriver (error sending request for url (https://msedgedriver.azureedge.net/LATEST_RELEASE_143_WINDOWS)); using driver found in the cache</msg>
<msg time="2026-01-05T10:56:52.775292" level="WARN">There was an error managing msedgedriver (error sending request for url (https://msedgedriver.azureedge.net/LATEST_RELEASE_143_WINDOWS)); using driver found in the cache</msg>
<msg time="2026-01-05T10:58:03.748749" level="WARN">There was an error managing msedgedriver (error sending request for url (https://msedgedriver.azureedge.net/LATEST_RELEASE_143_WINDOWS)); using driver found in the cache</msg>
<msg time="2026-01-05T10:59:26.630658" level="WARN">There was an error managing msedgedriver (error sending request for url (https://msedgedriver.azureedge.net/LATEST_RELEASE_143_WINDOWS)); using driver found in the cache</msg>
</errors>
</robot>
